Traceback (most recent call last):
  File "/home/siorikco/LEARNSIORIK/passenger_wsgi.py", line 14, in <module>
    from whitenoise import WhiteNoise
ModuleNotFoundError: No module named 'whitenoise'
Traceback (most recent call last):
  File "/home/siorikco/LEARNSIORIK/passenger_wsgi.py", line 14, in <module>
    from whitenoise import WhiteNoise
ModuleNotFoundError: No module named 'whitenoise'
[UID:4364][4017352] Child process with pid: 4017377 was killed by signal: 15, core dumped: no
Traceback (most recent call last):
  File "/home/siorikco/LEARNSIORIK/passenger_wsgi.py", line 14, in <module>
    from whitenoise import WhiteNoise
ModuleNotFoundError: No module named 'whitenoise'
[UID:4364][4017352] Child process with pid: 4018075 was killed by signal: 15, core dumped: no
/home/siorikco/LEARNSIORIK/app/templatetags/course_tags.py:8: SyntaxWarning: "is" with a literal. Did you mean "=="?
  if discount is None or discount is 0:
Not Found: /static/assets/libs/%40fancyapps/fancybox/dist/jquery.fancybox.min.css
Not Found: /api.mapbox.com/mapbox-gl-js/v0.53.0/mapbox-gl.css
Not Found: /static/assets/libs/%40fancyapps/fancybox/dist/jquery.fancybox.min.js
Not Found: /api.mapbox.com/mapbox-gl-js/v0.53.0/mapbox-gl.js
Not Found: /favicon.png
Forbidden (CSRF token from POST incorrect.): /doLogin
Forbidden (CSRF token from POST incorrect.): /doLogin
Not Found: /api.mapbox.com/mapbox-gl-js/v0.53.0/mapbox-gl.css
Not Found: /static/assets/libs/%40fancyapps/fancybox/dist/jquery.fancybox.min.css
Not Found: /api.mapbox.com/mapbox-gl-js/v0.53.0/mapbox-gl.js
Not Found: /static/assets/libs/%40fancyapps/fancybox/dist/jquery.fancybox.min.js
Not Found: /api.mapbox.com/mapbox-gl-js/v0.53.0/mapbox-gl.css
Not Found: /static/assets/libs/%40fancyapps/fancybox/dist/jquery.fancybox.min.css
Not Found: /static/assets/libs/%40fancyapps/fancybox/dist/jquery.fancybox.min.js
Not Found: /api.mapbox.com/mapbox-gl-js/v0.53.0/mapbox-gl.js
Not Found: /static/assets/libs/%40fancyapps/fancybox/dist/jquery.fancybox.min.css
Not Found: /api.mapbox.com/mapbox-gl-js/v0.53.0/mapbox-gl.css
Not Found: /api.mapbox.com/mapbox-gl-js/v0.53.0/mapbox-gl.js
Not Found: /static/assets/libs/%40fancyapps/fancybox/dist/jquery.fancybox.min.js
Not Found: /course/favicon.png
Not Found: /static/assets/libs/%40fancyapps/fancybox/dist/jquery.fancybox.min.css
Not Found: /checkout/ultimate-certified-anti-money-laundering-specialistcams-certification-course/...html
Not Found: /api.mapbox.com/mapbox-gl-js/v0.53.0/mapbox-gl.css
Not Found: /static/assets/libs/%40fancyapps/fancybox/dist/jquery.fancybox.min.js
Not Found: /api.mapbox.com/mapbox-gl-js/v0.53.0/mapbox-gl.js
Not Found: /checkout/ultimate-certified-anti-money-laundering-specialistcams-certification-course/favicon.png
Internal Server Error: /checkout/ultimate-certified-anti-money-laundering-specialistcams-certification-course/
Traceback (most recent call last):
  File "/home/siorikco/virtualenv/LEARNSIORIK/3.11/lib/python3.11/site-packages/django/db/backends/utils.py", line 89, in _execute
    return self.cursor.execute(sql, params)
           ^^^^^^^^^^^^^^^^^^^^^^^^^^^^^^^^
  File "/home/siorikco/virtualenv/LEARNSIORIK/3.11/lib/python3.11/site-packages/django/db/backends/sqlite3/base.py", line 328, in execute
    return super().execute(query, params)
           ^^^^^^^^^^^^^^^^^^^^^^^^^^^^^^
sqlite3.OperationalError: table app_payment has no column named remarks

The above exception was the direct cause of the following exception:

Traceback (most recent call last):
  File "/home/siorikco/virtualenv/LEARNSIORIK/3.11/lib/python3.11/site-packages/django/core/handlers/exception.py", line 55, in inner
    response = get_response(request)
               ^^^^^^^^^^^^^^^^^^^^^
  File "/home/siorikco/virtualenv/LEARNSIORIK/3.11/lib/python3.11/site-packages/django/core/handlers/base.py", line 197, in _get_response
    response = wrapped_callback(request, *callback_args, **callback_kwargs)
               ^^^^^^^^^^^^^^^^^^^^^^^^^^^^^^^^^^^^^^^^^^^^^^^^^^^^^^^^^^^^
  File "/home/siorikco/LEARNSIORIK/SiorikLearn/views.py", line 212, in CHECKOUT
    payment = Payment.objects.create(
              ^^^^^^^^^^^^^^^^^^^^^^^
  File "/home/siorikco/virtualenv/LEARNSIORIK/3.11/lib/python3.11/site-packages/django/db/models/manager.py", line 87, in manager_method
    return getattr(self.get_queryset(), name)(*args, **kwargs)
           ^^^^^^^^^^^^^^^^^^^^^^^^^^^^^^^^^^^^^^^^^^^^^^^^^^^
  File "/home/siorikco/virtualenv/LEARNSIORIK/3.11/lib/python3.11/site-packages/django/db/models/query.py", line 658, in create
    obj.save(force_insert=True, using=self.db)
  File "/home/siorikco/virtualenv/LEARNSIORIK/3.11/lib/python3.11/site-packages/django/db/models/base.py", line 814, in save
    self.save_base(
  File "/home/siorikco/virtualenv/LEARNSIORIK/3.11/lib/python3.11/site-packages/django/db/models/base.py", line 877, in save_base
    updated = self._save_table(
              ^^^^^^^^^^^^^^^^^
  File "/home/siorikco/virtualenv/LEARNSIORIK/3.11/lib/python3.11/site-packages/django/db/models/base.py", line 1020, in _save_table
    results = self._do_insert(
              ^^^^^^^^^^^^^^^^
  File "/home/siorikco/virtualenv/LEARNSIORIK/3.11/lib/python3.11/site-packages/django/db/models/base.py", line 1061, in _do_insert
    return manager._insert(
           ^^^^^^^^^^^^^^^^
  File "/home/siorikco/virtualenv/LEARNSIORIK/3.11/lib/python3.11/site-packages/django/db/models/manager.py", line 87, in manager_method
    return getattr(self.get_queryset(), name)(*args, **kwargs)
           ^^^^^^^^^^^^^^^^^^^^^^^^^^^^^^^^^^^^^^^^^^^^^^^^^^^
  File "/home/siorikco/virtualenv/LEARNSIORIK/3.11/lib/python3.11/site-packages/django/db/models/query.py", line 1805, in _insert
    return query.get_compiler(using=using).execute_sql(returning_fields)
           ^^^^^^^^^^^^^^^^^^^^^^^^^^^^^^^^^^^^^^^^^^^^^^^^^^^^^^^^^^^^^
  File "/home/siorikco/virtualenv/LEARNSIORIK/3.11/lib/python3.11/site-packages/django/db/models/sql/compiler.py", line 1822, in execute_sql
    cursor.execute(sql, params)
  File "/home/siorikco/virtualenv/LEARNSIORIK/3.11/lib/python3.11/site-packages/django/db/backends/utils.py", line 102, in execute
    return super().execute(sql, params)
           ^^^^^^^^^^^^^^^^^^^^^^^^^^^^
  File "/home/siorikco/virtualenv/LEARNSIORIK/3.11/lib/python3.11/site-packages/django/db/backends/utils.py", line 67, in execute
    return self._execute_with_wrappers(
           ^^^^^^^^^^^^^^^^^^^^^^^^^^^^
  File "/home/siorikco/virtualenv/LEARNSIORIK/3.11/lib/python3.11/site-packages/django/db/backends/utils.py", line 80, in _execute_with_wrappers
    return executor(sql, params, many, context)
           ^^^^^^^^^^^^^^^^^^^^^^^^^^^^^^^^^^^^
  File "/home/siorikco/virtualenv/LEARNSIORIK/3.11/lib/python3.11/site-packages/django/db/backends/utils.py", line 84, in _execute
    with self.db.wrap_database_errors:
  File "/home/siorikco/virtualenv/LEARNSIORIK/3.11/lib/python3.11/site-packages/django/db/utils.py", line 91, in __exit__
    raise dj_exc_value.with_traceback(traceback) from exc_value
  File "/home/siorikco/virtualenv/LEARNSIORIK/3.11/lib/python3.11/site-packages/django/db/backends/utils.py", line 89, in _execute
    return self.cursor.execute(sql, params)
           ^^^^^^^^^^^^^^^^^^^^^^^^^^^^^^^^
  File "/home/siorikco/virtualenv/LEARNSIORIK/3.11/lib/python3.11/site-packages/django/db/backends/sqlite3/base.py", line 328, in execute
    return super().execute(query, params)
           ^^^^^^^^^^^^^^^^^^^^^^^^^^^^^^
django.db.utils.OperationalError: table app_payment has no column named remarks
Not Found: /static/assets/libs/%40fancyapps/fancybox/dist/jquery.fancybox.min.css
Not Found: /checkout/ultimate-certified-anti-money-laundering-specialistcams-certification-course/...html
Not Found: /api.mapbox.com/mapbox-gl-js/v0.53.0/mapbox-gl.css
Not Found: /static/assets/libs/%40fancyapps/fancybox/dist/jquery.fancybox.min.js
Not Found: /api.mapbox.com/mapbox-gl-js/v0.53.0/mapbox-gl.js
Not Found: /static/assets/libs/%40fancyapps/fancybox/dist/jquery.fancybox.min.css
Not Found: /api.mapbox.com/mapbox-gl-js/v0.53.0/mapbox-gl.css
Not Found: /checkout/ultimate-certified-anti-money-laundering-specialistcams-certification-course/...html
Not Found: /api.mapbox.com/mapbox-gl-js/v0.53.0/mapbox-gl.js
Not Found: /static/assets/libs/%40fancyapps/fancybox/dist/jquery.fancybox.min.js
Not Found: /api.mapbox.com/mapbox-gl-js/v0.53.0/mapbox-gl.css
Not Found: /static/assets/libs/%40fancyapps/fancybox/dist/jquery.fancybox.min.css
Not Found: /checkout/ultimate-certified-anti-money-laundering-specialistcams-certification-course/...html
Not Found: /static/assets/libs/%40fancyapps/fancybox/dist/jquery.fancybox.min.js
Not Found: /api.mapbox.com/mapbox-gl-js/v0.53.0/mapbox-gl.js
Internal Server Error: /checkout/ultimate-certified-anti-money-laundering-specialistcams-certification-course/
Traceback (most recent call last):
  File "/home/siorikco/virtualenv/LEARNSIORIK/3.11/lib/python3.11/site-packages/django/core/handlers/exception.py", line 55, in inner
    response = get_response(request)
               ^^^^^^^^^^^^^^^^^^^^^
  File "/home/siorikco/virtualenv/LEARNSIORIK/3.11/lib/python3.11/site-packages/django/core/handlers/base.py", line 197, in _get_response
    response = wrapped_callback(request, *callback_args, **callback_kwargs)
               ^^^^^^^^^^^^^^^^^^^^^^^^^^^^^^^^^^^^^^^^^^^^^^^^^^^^^^^^^^^^
  File "/home/siorikco/LEARNSIORIK/SiorikLearn/views.py", line 223, in CHECKOUT
    "access_key": settings.CYBERSOURCE_ACCESS_KEY1,
                  ^^^^^^^^^^^^^^^^^^^^^^^^^^^^^^^^
  File "/home/siorikco/virtualenv/LEARNSIORIK/3.11/lib/python3.11/site-packages/django/conf/__init__.py", line 104, in __getattr__
    val = getattr(_wrapped, name)
          ^^^^^^^^^^^^^^^^^^^^^^^
AttributeError: 'Settings' object has no attribute 'CYBERSOURCE_ACCESS_KEY1'
Not Found: /api.mapbox.com/mapbox-gl-js/v0.53.0/mapbox-gl.css
Not Found: /checkout/ultimate-certified-anti-money-laundering-specialistcams-certification-course/...html
Not Found: /static/assets/libs/%40fancyapps/fancybox/dist/jquery.fancybox.min.css
Not Found: /static/assets/libs/%40fancyapps/fancybox/dist/jquery.fancybox.min.js
Not Found: /api.mapbox.com/mapbox-gl-js/v0.53.0/mapbox-gl.js
Internal Server Error: /checkout/ultimate-certified-anti-money-laundering-specialistcams-certification-course/
Traceback (most recent call last):
  File "/home/siorikco/virtualenv/LEARNSIORIK/3.11/lib/python3.11/site-packages/django/core/handlers/exception.py", line 55, in inner
    response = get_response(request)
               ^^^^^^^^^^^^^^^^^^^^^
  File "/home/siorikco/virtualenv/LEARNSIORIK/3.11/lib/python3.11/site-packages/django/core/handlers/base.py", line 197, in _get_response
    response = wrapped_callback(request, *callback_args, **callback_kwargs)
               ^^^^^^^^^^^^^^^^^^^^^^^^^^^^^^^^^^^^^^^^^^^^^^^^^^^^^^^^^^^^
  File "/home/siorikco/LEARNSIORIK/SiorikLearn/views.py", line 223, in CHECKOUT
    "access_key": settings.CYBERSOURCE_ACCESS_KEY1,
                  ^^^^^^^^^^^^^^^^^^^^^^^^^^^^^^^^
  File "/home/siorikco/virtualenv/LEARNSIORIK/3.11/lib/python3.11/site-packages/django/conf/__init__.py", line 104, in __getattr__
    val = getattr(_wrapped, name)
          ^^^^^^^^^^^^^^^^^^^^^^^
AttributeError: 'Settings' object has no attribute 'CYBERSOURCE_ACCESS_KEY1'
Not Found: /static/assets/libs/%40fancyapps/fancybox/dist/jquery.fancybox.min.css
Not Found: /checkout/ultimate-certified-anti-money-laundering-specialistcams-certification-course/...html
Not Found: /api.mapbox.com/mapbox-gl-js/v0.53.0/mapbox-gl.css
Not Found: /static/assets/libs/%40fancyapps/fancybox/dist/jquery.fancybox.min.js
Not Found: /api.mapbox.com/mapbox-gl-js/v0.53.0/mapbox-gl.js
Internal Server Error: /checkout/ultimate-certified-anti-money-laundering-specialistcams-certification-course/
Traceback (most recent call last):
  File "/home/siorikco/virtualenv/LEARNSIORIK/3.11/lib/python3.11/site-packages/django/core/handlers/exception.py", line 55, in inner
    response = get_response(request)
               ^^^^^^^^^^^^^^^^^^^^^
  File "/home/siorikco/virtualenv/LEARNSIORIK/3.11/lib/python3.11/site-packages/django/core/handlers/base.py", line 197, in _get_response
    response = wrapped_callback(request, *callback_args, **callback_kwargs)
               ^^^^^^^^^^^^^^^^^^^^^^^^^^^^^^^^^^^^^^^^^^^^^^^^^^^^^^^^^^^^
  File "/home/siorikco/LEARNSIORIK/SiorikLearn/views.py", line 223, in CHECKOUT
    "access_key": settings.CYBERSOURCE_ACCESS_KEY1,
                  ^^^^^^^^^^^^^^^^^^^^^^^^^^^^^^^^
  File "/home/siorikco/virtualenv/LEARNSIORIK/3.11/lib/python3.11/site-packages/django/conf/__init__.py", line 104, in __getattr__
    val = getattr(_wrapped, name)
          ^^^^^^^^^^^^^^^^^^^^^^^
AttributeError: 'Settings' object has no attribute 'CYBERSOURCE_ACCESS_KEY1'
Not Found: /static/assets/libs/%40fancyapps/fancybox/dist/jquery.fancybox.min.css
Not Found: /api.mapbox.com/mapbox-gl-js/v0.53.0/mapbox-gl.css
Not Found: /static/assets/libs/%40fancyapps/fancybox/dist/jquery.fancybox.min.js
Not Found: /api.mapbox.com/mapbox-gl-js/v0.53.0/mapbox-gl.js
Not Found: /static/assets/libs/%40fancyapps/fancybox/dist/jquery.fancybox.min.css
Not Found: /api.mapbox.com/mapbox-gl-js/v0.53.0/mapbox-gl.css
Not Found: /static/assets/libs/%40fancyapps/fancybox/dist/jquery.fancybox.min.js
Not Found: /api.mapbox.com/mapbox-gl-js/v0.53.0/mapbox-gl.js
Not Found: /static/assets/libs/%40fancyapps/fancybox/dist/jquery.fancybox.min.css
Not Found: /checkout/ultimate-certified-anti-money-laundering-specialistcams-certification-course/...html
Not Found: /api.mapbox.com/mapbox-gl-js/v0.53.0/mapbox-gl.css
Not Found: /api.mapbox.com/mapbox-gl-js/v0.53.0/mapbox-gl.js
Not Found: /static/assets/libs/%40fancyapps/fancybox/dist/jquery.fancybox.min.js
Not Found: /static/assets/libs/%40fancyapps/fancybox/dist/jquery.fancybox.min.css
Not Found: /checkout/ultimate-certified-anti-money-laundering-specialistcams-certification-course/...html
Not Found: /api.mapbox.com/mapbox-gl-js/v0.53.0/mapbox-gl.css
Not Found: /static/assets/libs/%40fancyapps/fancybox/dist/jquery.fancybox.min.js
Not Found: /api.mapbox.com/mapbox-gl-js/v0.53.0/mapbox-gl.js
Not Found: /static/assets/libs/%40fancyapps/fancybox/dist/jquery.fancybox.min.css
Not Found: /static/assets/libs/%40fancyapps/fancybox/dist/jquery.fancybox.min.js
Not Found: /api.mapbox.com/mapbox-gl-js/v0.53.0/mapbox-gl.css
Not Found: /api.mapbox.com/mapbox-gl-js/v0.53.0/mapbox-gl.js
Not Found: /api.mapbox.com/mapbox-gl-js/v0.53.0/mapbox-gl.css
Not Found: /static/assets/libs/%40fancyapps/fancybox/dist/jquery.fancybox.min.css
Not Found: /static/assets/libs/%40fancyapps/fancybox/dist/jquery.fancybox.min.js
Not Found: /api.mapbox.com/mapbox-gl-js/v0.53.0/mapbox-gl.js
Not Found: /static/assets/libs/%40fancyapps/fancybox/dist/jquery.fancybox.min.css
Not Found: /api.mapbox.com/mapbox-gl-js/v0.53.0/mapbox-gl.css
Not Found: /static/assets/libs/%40fancyapps/fancybox/dist/jquery.fancybox.min.js
Not Found: /api.mapbox.com/mapbox-gl-js/v0.53.0/mapbox-gl.js
Not Found: /api.mapbox.com/mapbox-gl-js/v0.53.0/mapbox-gl.css
Not Found: /static/assets/libs/%40fancyapps/fancybox/dist/jquery.fancybox.min.css
Not Found: /api.mapbox.com/mapbox-gl-js/v0.53.0/mapbox-gl.js
Not Found: /static/assets/libs/%40fancyapps/fancybox/dist/jquery.fancybox.min.js
Not Found: /static/assets/libs/%40fancyapps/fancybox/dist/jquery.fancybox.min.css
Not Found: /api.mapbox.com/mapbox-gl-js/v0.53.0/mapbox-gl.css
Not Found: /static/assets/libs/%40fancyapps/fancybox/dist/jquery.fancybox.min.js
Not Found: /api.mapbox.com/mapbox-gl-js/v0.53.0/mapbox-gl.js
Not Found: /static/assets/libs/%40fancyapps/fancybox/dist/jquery.fancybox.min.css
Not Found: /api.mapbox.com/mapbox-gl-js/v0.53.0/mapbox-gl.css
Not Found: /checkout/ultimate-certified-anti-money-laundering-specialistcams-certification-course/...html
Not Found: /api.mapbox.com/mapbox-gl-js/v0.53.0/mapbox-gl.js
Not Found: /static/assets/libs/%40fancyapps/fancybox/dist/jquery.fancybox.min.js
Not Found: /static/assets/libs/%40fancyapps/fancybox/dist/jquery.fancybox.min.css
Not Found: /api.mapbox.com/mapbox-gl-js/v0.53.0/mapbox-gl.css
Not Found: /static/assets/libs/%40fancyapps/fancybox/dist/jquery.fancybox.min.js
Not Found: /api.mapbox.com/mapbox-gl-js/v0.53.0/mapbox-gl.js
Not Found: /static/assets/libs/%40fancyapps/fancybox/dist/jquery.fancybox.min.css
Not Found: /api.mapbox.com/mapbox-gl-js/v0.53.0/mapbox-gl.css
Not Found: /...html
Not Found: /static/assets/libs/%40fancyapps/fancybox/dist/jquery.fancybox.min.js
Not Found: /api.mapbox.com/mapbox-gl-js/v0.53.0/mapbox-gl.js
Not Found: /api.mapbox.com/mapbox-gl-js/v0.53.0/mapbox-gl.css
Not Found: /static/assets/libs/%40fancyapps/fancybox/dist/jquery.fancybox.min.css
Not Found: /api.mapbox.com/mapbox-gl-js/v0.53.0/mapbox-gl.js
Not Found: /static/assets/libs/%40fancyapps/fancybox/dist/jquery.fancybox.min.js
Not Found: /robots.txt
Not Found: /api.mapbox.com/mapbox-gl-js/v0.53.0/mapbox-gl.css
Not Found: /static/assets/libs/%40fancyapps/fancybox/dist/jquery.fancybox.min.css
Not Found: /static/assets/libs/%40fancyapps/fancybox/dist/jquery.fancybox.min.js
Not Found: /...html
Not Found: /api.mapbox.com/mapbox-gl-js/v0.53.0/mapbox-gl.js
Not Found: /static/assets/libs/%40fancyapps/fancybox/dist/jquery.fancybox.min.js
Not Found: /api.mapbox.com/mapbox-gl-js/v0.53.0/mapbox-gl.js
Not Found: /api.mapbox.com/mapbox-gl-js/v0.53.0/mapbox-gl.css
Not Found: /static/assets/libs/%40fancyapps/fancybox/dist/jquery.fancybox.min.css
Not Found: /static/assets/libs/%40fancyapps/fancybox/dist/jquery.fancybox.min.css
Not Found: /api.mapbox.com/mapbox-gl-js/v0.53.0/mapbox-gl.css
Not Found: /static/assets/libs/%40fancyapps/fancybox/dist/jquery.fancybox.min.js
Not Found: /api.mapbox.com/mapbox-gl-js/v0.53.0/mapbox-gl.css
Not Found: /static/assets/libs/%40fancyapps/fancybox/dist/jquery.fancybox.min.js
Not Found: /static/assets/libs/%40fancyapps/fancybox/dist/jquery.fancybox.min.css
Not Found: /static/assets/libs/%40fancyapps/fancybox/dist/jquery.fancybox.min.css
Not Found: /api.mapbox.com/mapbox-gl-js/v0.53.0/mapbox-gl.css
Not Found: /static/assets/libs/%40fancyapps/fancybox/dist/jquery.fancybox.min.js
Not Found: /static/assets/libs/%40fancyapps/fancybox/dist/jquery.fancybox.min.css
Not Found: /static/assets/libs/%40fancyapps/fancybox/dist/jquery.fancybox.min.js
Not Found: /static/assets/libs/%40fancyapps/fancybox/dist/jquery.fancybox.min.js
Not Found: /api.mapbox.com/mapbox-gl-js/v0.53.0/mapbox-gl.css
Not Found: /static/assets/libs/%40fancyapps/fancybox/dist/jquery.fancybox.min.css
Not Found: /api.mapbox.com/mapbox-gl-js/v0.53.0/mapbox-gl.js
Not Found: /accounts/favicon.png
Not Found: /api.mapbox.com/mapbox-gl-js/v0.53.0/mapbox-gl.js
Not Found: /static/assets/libs/%40fancyapps/fancybox/dist/jquery.fancybox.min.css
Not Found: /api.mapbox.com/mapbox-gl-js/v0.53.0/mapbox-gl.js
Not Found: /favicon.ico
Not Found: /favicon.png
Not Found: /static/assets/libs/%40fancyapps/fancybox/dist/jquery.fancybox.min.css
Not Found: /api.mapbox.com/mapbox-gl-js/v0.53.0/mapbox-gl.css
Not Found: /static/assets/libs/%40fancyapps/fancybox/dist/jquery.fancybox.min.js
Not Found: /api.mapbox.com/mapbox-gl-js/v0.53.0/mapbox-gl.js
Not Found: /favicon.png
Not Found: /static/assets/libs/%40fancyapps/fancybox/dist/jquery.fancybox.min.css
Not Found: /api.mapbox.com/mapbox-gl-js/v0.53.0/mapbox-gl.css
Not Found: /static/assets/libs/%40fancyapps/fancybox/dist/jquery.fancybox.min.js
Not Found: /api.mapbox.com/mapbox-gl-js/v0.53.0/mapbox-gl.js
Not Found: /chatbot/favicon.png
Not Found: /static/assets/libs/%40fancyapps/fancybox/dist/jquery.fancybox.min.css
Not Found: /api.mapbox.com/mapbox-gl-js/v0.53.0/mapbox-gl.css
Not Found: /api.mapbox.com/mapbox-gl-js/v0.53.0/mapbox-gl.js
Not Found: /static/assets/libs/%40fancyapps/fancybox/dist/jquery.fancybox.min.js
Not Found: /static/assets/libs/%40fancyapps/fancybox/dist/jquery.fancybox.min.css
Not Found: /api.mapbox.com/mapbox-gl-js/v0.53.0/mapbox-gl.css
Not Found: /static/assets/libs/%40fancyapps/fancybox/dist/jquery.fancybox.min.js
Not Found: /api.mapbox.com/mapbox-gl-js/v0.53.0/mapbox-gl.js
Not Found: /api.mapbox.com/mapbox-gl-js/v0.53.0/mapbox-gl.css
Not Found: /static/assets/libs/%40fancyapps/fancybox/dist/jquery.fancybox.min.js
Not Found: /api.mapbox.com/mapbox-gl-js/v0.53.0/mapbox-gl.js
Not Found: /static/assets/libs/%40fancyapps/fancybox/dist/jquery.fancybox.min.css
Not Found: /...html
Not Found: /static/assets/libs/%40fancyapps/fancybox/dist/jquery.fancybox.min.js
Not Found: /api.mapbox.com/mapbox-gl-js/v0.53.0/mapbox-gl.js
Not Found: /wp-includes/Requests/src/Exception/Transport/index.php
Not Found: /wp-includes/Requests/src/Exception/Transport/index.php
Not Found: /wp-content/uploads/2021/11/cropped-icon-1.png
Not Found: /wp-content/uploads/2021/11/cropped-icon-1.png
Not Found: /wp-content/uploads/2021/11/cropped-icon-1.png
Not Found: /wp-content/uploads/2021/11/cropped-icon-1.png
Not Found: /static/assets/libs/%40fancyapps/fancybox/dist/jquery.fancybox.min.js
Not Found: /api.mapbox.com/mapbox-gl-js/v0.53.0/mapbox-gl.css
Not Found: /api.mapbox.com/mapbox-gl-js/v0.53.0/mapbox-gl.js
Not Found: /static/assets/libs/%40fancyapps/fancybox/dist/jquery.fancybox.min.css
Invalid HTTP_HOST header: 'learnwithsiorik.siorik.com'. You may need to add 'learnwithsiorik.siorik.com' to ALLOWED_HOSTS.
Traceback (most recent call last):
  File "/home/siorikco/virtualenv/LEARNSIORIK/3.11/lib/python3.11/site-packages/django/core/handlers/exception.py", line 55, in inner
    response = get_response(request)
               ^^^^^^^^^^^^^^^^^^^^^
  File "/home/siorikco/virtualenv/LEARNSIORIK/3.11/lib/python3.11/site-packages/django/utils/deprecation.py", line 133, in __call__
    response = self.process_request(request)
               ^^^^^^^^^^^^^^^^^^^^^^^^^^^^^
  File "/home/siorikco/virtualenv/LEARNSIORIK/3.11/lib/python3.11/site-packages/django/middleware/common.py", line 48, in process_request
    host = request.get_host()
           ^^^^^^^^^^^^^^^^^^
  File "/home/siorikco/virtualenv/LEARNSIORIK/3.11/lib/python3.11/site-packages/django/http/request.py", line 150, in get_host
    raise DisallowedHost(msg)
django.core.exceptions.DisallowedHost: Invalid HTTP_HOST header: 'learnwithsiorik.siorik.com'. You may need to add 'learnwithsiorik.siorik.com' to ALLOWED_HOSTS.
Not Found: /.env
Bad Request: /.env
Not Found: /wp-content/uploads/2021/11/cropped-icon-1.png
Not Found: /wp-content/uploads/2021/06/icon.png
Not Found: /wp-content/uploads/2021/06/icon.png
Not Found: /wp-content/uploads/2021/06/icon.png
Not Found: /wp-content/uploads/2021/06/icon.png
Not Found: /static/assets/libs/%40fancyapps/fancybox/dist/jquery.fancybox.min.css
Not Found: /api.mapbox.com/mapbox-gl-js/v0.53.0/mapbox-gl.css
Not Found: /static/assets/libs/%40fancyapps/fancybox/dist/jquery.fancybox.min.js
Not Found: /api.mapbox.com/mapbox-gl-js/v0.53.0/mapbox-gl.js
Not Found: /robots.txt
Not Found: /api.mapbox.com/mapbox-gl-js/v0.53.0/mapbox-gl.css
Not Found: /static/assets/libs/%40fancyapps/fancybox/dist/jquery.fancybox.min.css
Not Found: /static/assets/libs/%40fancyapps/fancybox/dist/jquery.fancybox.min.js
Not Found: /api.mapbox.com/mapbox-gl-js/v0.53.0/mapbox-gl.js
Not Found: /api.mapbox.com/mapbox-gl-js/v0.53.0/mapbox-gl.js
Not Found: /accounts/login/favicon.png
Not Found: /api.mapbox.com/mapbox-gl-js/v0.53.0/mapbox-gl.css
Not Found: /api.mapbox.com/mapbox-gl-js/v0.53.0/mapbox-gl.css
Not Found: /static/assets/libs/%40fancyapps/fancybox/dist/jquery.fancybox.min.js
Not Found: /api.mapbox.com/mapbox-gl-js/v0.53.0/mapbox-gl.js
Not Found: /accounts/login/favicon.png
Not Found: /wp-content/uploads/2021/06/icon.png
Not Found: /courses/cams-certification-preparation-course/
Invalid HTTP_HOST header: 'www.learnwithsiorik.com'. You may need to add 'www.learnwithsiorik.com' to ALLOWED_HOSTS.
Traceback (most recent call last):
  File "/home/siorikco/virtualenv/LEARNSIORIK/3.11/lib/python3.11/site-packages/django/core/handlers/exception.py", line 55, in inner
    response = get_response(request)
               ^^^^^^^^^^^^^^^^^^^^^
  File "/home/siorikco/virtualenv/LEARNSIORIK/3.11/lib/python3.11/site-packages/django/utils/deprecation.py", line 133, in __call__
    response = self.process_request(request)
               ^^^^^^^^^^^^^^^^^^^^^^^^^^^^^
  File "/home/siorikco/virtualenv/LEARNSIORIK/3.11/lib/python3.11/site-packages/django/middleware/common.py", line 48, in process_request
    host = request.get_host()
           ^^^^^^^^^^^^^^^^^^
  File "/home/siorikco/virtualenv/LEARNSIORIK/3.11/lib/python3.11/site-packages/django/http/request.py", line 150, in get_host
    raise DisallowedHost(msg)
django.core.exceptions.DisallowedHost: Invalid HTTP_HOST header: 'www.learnwithsiorik.com'. You may need to add 'www.learnwithsiorik.com' to ALLOWED_HOSTS.
Bad Request: /robots.txt
Invalid HTTP_HOST header: 'www.learnwithsiorik.com'. You may need to add 'www.learnwithsiorik.com' to ALLOWED_HOSTS.
Traceback (most recent call last):
  File "/home/siorikco/virtualenv/LEARNSIORIK/3.11/lib/python3.11/site-packages/django/core/handlers/exception.py", line 55, in inner
    response = get_response(request)
               ^^^^^^^^^^^^^^^^^^^^^
  File "/home/siorikco/virtualenv/LEARNSIORIK/3.11/lib/python3.11/site-packages/django/utils/deprecation.py", line 133, in __call__
    response = self.process_request(request)
               ^^^^^^^^^^^^^^^^^^^^^^^^^^^^^
  File "/home/siorikco/virtualenv/LEARNSIORIK/3.11/lib/python3.11/site-packages/django/middleware/common.py", line 48, in process_request
    host = request.get_host()
           ^^^^^^^^^^^^^^^^^^
  File "/home/siorikco/virtualenv/LEARNSIORIK/3.11/lib/python3.11/site-packages/django/http/request.py", line 150, in get_host
    raise DisallowedHost(msg)
django.core.exceptions.DisallowedHost: Invalid HTTP_HOST header: 'www.learnwithsiorik.com'. You may need to add 'www.learnwithsiorik.com' to ALLOWED_HOSTS.
Bad Request: /
Not Found: /blog-single.html
Not Found: /robots.txt
Not Found: /admin.php
Not Found: /admin.php
Not Found: /courses/cams-certification-preparation-course/
Not Found: /robots.txt
Not Found: /static/assets/libs/%40fancyapps/fancybox/dist/jquery.fancybox.min.css
Not Found: /wp-content/uploads/2021/06/CAMS-TRAINING-POSTER-small-1.jpg
Invalid HTTP_HOST header: 'www.learnwithsiorik.com'. You may need to add 'www.learnwithsiorik.com' to ALLOWED_HOSTS.
Traceback (most recent call last):
  File "/home/siorikco/virtualenv/LEARNSIORIK/3.11/lib/python3.11/site-packages/django/core/handlers/exception.py", line 55, in inner
    response = get_response(request)
               ^^^^^^^^^^^^^^^^^^^^^
  File "/home/siorikco/virtualenv/LEARNSIORIK/3.11/lib/python3.11/site-packages/django/utils/deprecation.py", line 133, in __call__
    response = self.process_request(request)
               ^^^^^^^^^^^^^^^^^^^^^^^^^^^^^
  File "/home/siorikco/virtualenv/LEARNSIORIK/3.11/lib/python3.11/site-packages/django/middleware/common.py", line 48, in process_request
    host = request.get_host()
           ^^^^^^^^^^^^^^^^^^
  File "/home/siorikco/virtualenv/LEARNSIORIK/3.11/lib/python3.11/site-packages/django/http/request.py", line 150, in get_host
    raise DisallowedHost(msg)
django.core.exceptions.DisallowedHost: Invalid HTTP_HOST header: 'www.learnwithsiorik.com'. You may need to add 'www.learnwithsiorik.com' to ALLOWED_HOSTS.
Bad Request: /robots.txt
Invalid HTTP_HOST header: 'www.learnwithsiorik.com'. You may need to add 'www.learnwithsiorik.com' to ALLOWED_HOSTS.
Traceback (most recent call last):
  File "/home/siorikco/virtualenv/LEARNSIORIK/3.11/lib/python3.11/site-packages/django/core/handlers/exception.py", line 55, in inner
    response = get_response(request)
               ^^^^^^^^^^^^^^^^^^^^^
  File "/home/siorikco/virtualenv/LEARNSIORIK/3.11/lib/python3.11/site-packages/django/utils/deprecation.py", line 133, in __call__
    response = self.process_request(request)
               ^^^^^^^^^^^^^^^^^^^^^^^^^^^^^
  File "/home/siorikco/virtualenv/LEARNSIORIK/3.11/lib/python3.11/site-packages/django/middleware/common.py", line 48, in process_request
    host = request.get_host()
           ^^^^^^^^^^^^^^^^^^
  File "/home/siorikco/virtualenv/LEARNSIORIK/3.11/lib/python3.11/site-packages/django/http/request.py", line 150, in get_host
    raise DisallowedHost(msg)
django.core.exceptions.DisallowedHost: Invalid HTTP_HOST header: 'www.learnwithsiorik.com'. You may need to add 'www.learnwithsiorik.com' to ALLOWED_HOSTS.
Bad Request: /sitemaps.xml
Invalid HTTP_HOST header: 'www.learnwithsiorik.com'. You may need to add 'www.learnwithsiorik.com' to ALLOWED_HOSTS.
Traceback (most recent call last):
  File "/home/siorikco/virtualenv/LEARNSIORIK/3.11/lib/python3.11/site-packages/django/core/handlers/exception.py", line 55, in inner
    response = get_response(request)
               ^^^^^^^^^^^^^^^^^^^^^
  File "/home/siorikco/virtualenv/LEARNSIORIK/3.11/lib/python3.11/site-packages/django/utils/deprecation.py", line 133, in __call__
    response = self.process_request(request)
               ^^^^^^^^^^^^^^^^^^^^^^^^^^^^^
  File "/home/siorikco/virtualenv/LEARNSIORIK/3.11/lib/python3.11/site-packages/django/middleware/common.py", line 48, in process_request
    host = request.get_host()
           ^^^^^^^^^^^^^^^^^^
  File "/home/siorikco/virtualenv/LEARNSIORIK/3.11/lib/python3.11/site-packages/django/http/request.py", line 150, in get_host
    raise DisallowedHost(msg)
django.core.exceptions.DisallowedHost: Invalid HTTP_HOST header: 'www.learnwithsiorik.com'. You may need to add 'www.learnwithsiorik.com' to ALLOWED_HOSTS.
Bad Request: /sitemaps.xml
Not Found: /favicon.png
Not Found: /static/assets/libs/%40fancyapps/fancybox/dist/jquery.fancybox.min.css
Not Found: /api.mapbox.com/mapbox-gl-js/v0.53.0/mapbox-gl.css
Not Found: /static/assets/libs/%40fancyapps/fancybox/dist/jquery.fancybox.min.css
Not Found: /api.mapbox.com/mapbox-gl-js/v0.53.0/mapbox-gl.css
Not Found: /static/assets/libs/%40fancyapps/fancybox/dist/jquery.fancybox.min.js
Not Found: /api.mapbox.com/mapbox-gl-js/v0.53.0/mapbox-gl.js
Not Found: /api.mapbox.com/mapbox-gl-js/v0.53.0/mapbox-gl.css
Not Found: /static/assets/libs/%40fancyapps/fancybox/dist/jquery.fancybox.min.css
Not Found: /static/assets/libs/%40fancyapps/fancybox/dist/jquery.fancybox.min.js
Not Found: /api.mapbox.com/mapbox-gl-js/v0.53.0/mapbox-gl.js
Not Found: /favicon.png
Not Found: /favicon.ico
Not Found: /courses/cams-certification-preparation-course/
Not Found: /wp-content/uploads/2021/11/cropped-icon-1.png
Not Found: /static/assets/libs/%40fancyapps/fancybox/dist/jquery.fancybox.min.css
Not Found: /static/assets/libs/%40fancyapps/fancybox/dist/jquery.fancybox.min.js
Not Found: /static/assets/libs/%40fancyapps/fancybox/dist/jquery.fancybox.min.css
Not Found: /api.mapbox.com/mapbox-gl-js/v0.53.0/mapbox-gl.css
Not Found: /static/assets/libs/%40fancyapps/fancybox/dist/jquery.fancybox.min.js
Not Found: /api.mapbox.com/mapbox-gl-js/v0.53.0/mapbox-gl.js
Not Found: /accounts/...html
Not Found: /accounts/favicon.png
Not Found: /static/assets/libs/%40fancyapps/fancybox/dist/jquery.fancybox.min.css
Not Found: /api.mapbox.com/mapbox-gl-js/v0.53.0/mapbox-gl.css
Not Found: /api.mapbox.com/mapbox-gl-js/v0.53.0/mapbox-gl.js
Not Found: /static/assets/libs/%40fancyapps/fancybox/dist/jquery.fancybox.min.js
Not Found: /accounts/login/...html
Not Found: /accounts/login/favicon.png
[UID:4364][606124] Child process with pid: 616519 was killed by signal: 15, core dumped: no
Not Found: /static/assets/libs/%40fancyapps/fancybox/dist/jquery.fancybox.min.css
Not Found: /api.mapbox.com/mapbox-gl-js/v0.53.0/mapbox-gl.css
Not Found: /static/assets/libs/%40fancyapps/fancybox/dist/jquery.fancybox.min.js
Not Found: /api.mapbox.com/mapbox-gl-js/v0.53.0/mapbox-gl.js
Not Found: /favicon.png
Not Found: /static/assets/libs/%40fancyapps/fancybox/dist/jquery.fancybox.min.css
Not Found: /api.mapbox.com/mapbox-gl-js/v0.53.0/mapbox-gl.css
Not Found: /static/assets/libs/%40fancyapps/fancybox/dist/jquery.fancybox.min.js
Not Found: /api.mapbox.com/mapbox-gl-js/v0.53.0/mapbox-gl.js
Not Found: /course/favicon.png
Forbidden (Referer checking failed - no Referer.): /
Not Found: /wp-json
Not Found: /index.php
Not Found: /static/assets/libs/%40fancyapps/fancybox/dist/jquery.fancybox.min.js
Not Found: /api.mapbox.com/mapbox-gl-js/v0.53.0/mapbox-gl.css
Not Found: /api.mapbox.com/mapbox-gl-js/v0.53.0/mapbox-gl.js
Not Found: /static/assets/libs/%40fancyapps/fancybox/dist/jquery.fancybox.min.css
Not Found: /robots.txt
Not Found: /static/assets/libs/%40fancyapps/fancybox/dist/jquery.fancybox.min.css
Not Found: /api.mapbox.com/mapbox-gl-js/v0.53.0/mapbox-gl.css
[UID:4364][267598] Reached max children process limit: 6, extra: 2, current: 8, busy: 8, please increase LSAPI_CHILDREN.
Not Found: /api.mapbox.com/mapbox-gl-js/v0.53.0/mapbox-gl.js
[UID:4364][267598] Reached max children process limit: 6, extra: 2, current: 8, busy: 8, please increase LSAPI_CHILDREN.
[UID:4364][267598] Reached max children process limit: 6, extra: 2, current: 8, busy: 8, please increase LSAPI_CHILDREN.
[UID:4364][267598] Reached max children process limit: 6, extra: 2, current: 8, busy: 8, please increase LSAPI_CHILDREN.
[UID:4364][267598] Reached max children process limit: 6, extra: 2, current: 8, busy: 8, please increase LSAPI_CHILDREN.
Not Found: /static/assets/libs/%40fancyapps/fancybox/dist/jquery.fancybox.min.js
[UID:4364][267598] Reached max children process limit: 6, extra: 2, current: 8, busy: 8, please increase LSAPI_CHILDREN.
[UID:4364][267598] Reached max children process limit: 6, extra: 2, current: 8, busy: 7, please increase LSAPI_CHILDREN.
Not Found: /robots.txt
Not Found: /robots.txt
Invalid HTTP_HOST header: 'learnwithsiorik.siorik.com'. You may need to add 'learnwithsiorik.siorik.com' to ALLOWED_HOSTS.
Traceback (most recent call last):
  File "/home/siorikco/virtualenv/LEARNSIORIK/3.11/lib/python3.11/site-packages/django/core/handlers/exception.py", line 55, in inner
    response = get_response(request)
               ^^^^^^^^^^^^^^^^^^^^^
  File "/home/siorikco/virtualenv/LEARNSIORIK/3.11/lib/python3.11/site-packages/django/utils/deprecation.py", line 133, in __call__
    response = self.process_request(request)
               ^^^^^^^^^^^^^^^^^^^^^^^^^^^^^
  File "/home/siorikco/virtualenv/LEARNSIORIK/3.11/lib/python3.11/site-packages/django/middleware/common.py", line 48, in process_request
    host = request.get_host()
           ^^^^^^^^^^^^^^^^^^
  File "/home/siorikco/virtualenv/LEARNSIORIK/3.11/lib/python3.11/site-packages/django/http/request.py", line 150, in get_host
    raise DisallowedHost(msg)
django.core.exceptions.DisallowedHost: Invalid HTTP_HOST header: 'learnwithsiorik.siorik.com'. You may need to add 'learnwithsiorik.siorik.com' to ALLOWED_HOSTS.
Bad Request: /
Invalid HTTP_HOST header: 'learnwithsiorik.siorik.com'. You may need to add 'learnwithsiorik.siorik.com' to ALLOWED_HOSTS.
Traceback (most recent call last):
  File "/home/siorikco/virtualenv/LEARNSIORIK/3.11/lib/python3.11/site-packages/django/core/handlers/exception.py", line 55, in inner
    response = get_response(request)
               ^^^^^^^^^^^^^^^^^^^^^
  File "/home/siorikco/virtualenv/LEARNSIORIK/3.11/lib/python3.11/site-packages/django/utils/deprecation.py", line 133, in __call__
    response = self.process_request(request)
               ^^^^^^^^^^^^^^^^^^^^^^^^^^^^^
  File "/home/siorikco/virtualenv/LEARNSIORIK/3.11/lib/python3.11/site-packages/django/middleware/common.py", line 48, in process_request
    host = request.get_host()
           ^^^^^^^^^^^^^^^^^^
  File "/home/siorikco/virtualenv/LEARNSIORIK/3.11/lib/python3.11/site-packages/django/http/request.py", line 150, in get_host
    raise DisallowedHost(msg)
django.core.exceptions.DisallowedHost: Invalid HTTP_HOST header: 'learnwithsiorik.siorik.com'. You may need to add 'learnwithsiorik.siorik.com' to ALLOWED_HOSTS.
Bad Request: /
Not Found: /robots.txt
Not Found: /robots.txt
Not Found: /accounts/login/...html
Not Found: /robots.txt
Not Found: /robots.txt
Not Found: /api.mapbox.com/mapbox-gl-js/v0.53.0/mapbox-gl.css
Not Found: /static/assets/libs/%40fancyapps/fancybox/dist/jquery.fancybox.min.css
Not Found: /api.mapbox.com/mapbox-gl-js/v0.53.0/mapbox-gl.css
Not Found: /static/assets/libs/%40fancyapps/fancybox/dist/jquery.fancybox.min.js
Not Found: /api.mapbox.com/mapbox-gl-js/v0.53.0/mapbox-gl.js
Not Found: /api.mapbox.com/mapbox-gl-js/v0.53.0/mapbox-gl.js
Not Found: /static/assets/libs/%40fancyapps/fancybox/dist/jquery.fancybox.min.js
Not Found: /robots.txt
Not Found: /robots.txt
Not Found: /robots.txt
Not Found: /api.mapbox.com/mapbox-gl-js/v0.53.0/mapbox-gl.css
Not Found: /static/assets/libs/%40fancyapps/fancybox/dist/jquery.fancybox.min.css
Not Found: /static/assets/libs/%40fancyapps/fancybox/dist/jquery.fancybox.min.js
Not Found: /api.mapbox.com/mapbox-gl-js/v0.53.0/mapbox-gl.js
Not Found: /robots.txt
Not Found: /robots.txt
Not Found: /registration/
Not Found: /start-learning/
Not Found: /robots.txt
Not Found: /static/assets/libs/%40fancyapps/fancybox/dist/jquery.fancybox.min.js
Not Found: /api.mapbox.com/mapbox-gl-js/v0.53.0/mapbox-gl.js
Not Found: /static/assets/libs/%40fancyapps/fancybox/dist/jquery.fancybox.min.css
Not Found: /api.mapbox.com/mapbox-gl-js/v0.53.0/mapbox-gl.css
Not Found: /robots.txt
Invalid HTTP_HOST header: 'www.learnwithsiorik.siorik.com'. You may need to add 'www.learnwithsiorik.siorik.com' to ALLOWED_HOSTS.
Traceback (most recent call last):
  File "/home/siorikco/virtualenv/LEARNSIORIK/3.11/lib/python3.11/site-packages/django/core/handlers/exception.py", line 55, in inner
    response = get_response(request)
               ^^^^^^^^^^^^^^^^^^^^^
  File "/home/siorikco/virtualenv/LEARNSIORIK/3.11/lib/python3.11/site-packages/django/utils/deprecation.py", line 133, in __call__
    response = self.process_request(request)
               ^^^^^^^^^^^^^^^^^^^^^^^^^^^^^
  File "/home/siorikco/virtualenv/LEARNSIORIK/3.11/lib/python3.11/site-packages/django/middleware/common.py", line 48, in process_request
    host = request.get_host()
           ^^^^^^^^^^^^^^^^^^
  File "/home/siorikco/virtualenv/LEARNSIORIK/3.11/lib/python3.11/site-packages/django/http/request.py", line 150, in get_host
    raise DisallowedHost(msg)
django.core.exceptions.DisallowedHost: Invalid HTTP_HOST header: 'www.learnwithsiorik.siorik.com'. You may need to add 'www.learnwithsiorik.siorik.com' to ALLOWED_HOSTS.
Bad Request: /robots.txt
Not Found: /robots.txt
Not Found: /favicon.ico
Not Found: /courses/cams-certification-preparation-course/
Not Found: /api.mapbox.com/mapbox-gl-js/v0.53.0/mapbox-gl.css
Not Found: /static/assets/libs/%40fancyapps/fancybox/dist/jquery.fancybox.min.css
Not Found: /api.mapbox.com/mapbox-gl-js/v0.53.0/mapbox-gl.js
Not Found: /static/assets/libs/%40fancyapps/fancybox/dist/jquery.fancybox.min.js
Not Found: /static/assets/libs/%40fancyapps/fancybox/dist/jquery.fancybox.min.js
Not Found: /api.mapbox.com/mapbox-gl-js/v0.53.0/mapbox-gl.js
Not Found: /wp-content/plugins/art-picture-gallery/
Not Found: /accounts/login/favicon.png
Not Found: /accounts/login/favicon.png
Not Found: /static/assets/libs/%40fancyapps/fancybox/dist/jquery.fancybox.min.css
Not Found: /api.mapbox.com/mapbox-gl-js/v0.53.0/mapbox-gl.css
Not Found: /static/assets/libs/%40fancyapps/fancybox/dist/jquery.fancybox.min.js
Invalid HTTP_HOST header: 'www.learnwithsiorik.com'. You may need to add 'www.learnwithsiorik.com' to ALLOWED_HOSTS.
Traceback (most recent call last):
  File "/home/siorikco/virtualenv/LEARNSIORIK/3.11/lib/python3.11/site-packages/django/core/handlers/exception.py", line 55, in inner
    response = get_response(request)
               ^^^^^^^^^^^^^^^^^^^^^
  File "/home/siorikco/virtualenv/LEARNSIORIK/3.11/lib/python3.11/site-packages/django/utils/deprecation.py", line 133, in __call__
    response = self.process_request(request)
               ^^^^^^^^^^^^^^^^^^^^^^^^^^^^^
  File "/home/siorikco/virtualenv/LEARNSIORIK/3.11/lib/python3.11/site-packages/django/middleware/common.py", line 48, in process_request
    host = request.get_host()
           ^^^^^^^^^^^^^^^^^^
  File "/home/siorikco/virtualenv/LEARNSIORIK/3.11/lib/python3.11/site-packages/django/http/request.py", line 150, in get_host
    raise DisallowedHost(msg)
django.core.exceptions.DisallowedHost: Invalid HTTP_HOST header: 'www.learnwithsiorik.com'. You may need to add 'www.learnwithsiorik.com' to ALLOWED_HOSTS.
Bad Request: /robots.txt
Not Found: /api.mapbox.com/mapbox-gl-js/v0.53.0/mapbox-gl.css
Not Found: /static/assets/libs/%40fancyapps/fancybox/dist/jquery.fancybox.min.css
Not Found: /static/assets/libs/%40fancyapps/fancybox/dist/jquery.fancybox.min.js
Not Found: /api.mapbox.com/mapbox-gl-js/v0.53.0/mapbox-gl.js
Not Found: /favicon.png
Not Found: /static/assets/libs/%40fancyapps/fancybox/dist/jquery.fancybox.min.css
Not Found: /api.mapbox.com/mapbox-gl-js/v0.53.0/mapbox-gl.css
Not Found: /static/assets/libs/%40fancyapps/fancybox/dist/jquery.fancybox.min.js
Not Found: /api.mapbox.com/mapbox-gl-js/v0.53.0/mapbox-gl.js
Not Found: /favicon.png
Invalid HTTP_HOST header: 'learnwithsiorik.siorik.com'. You may need to add 'learnwithsiorik.siorik.com' to ALLOWED_HOSTS.
Traceback (most recent call last):
  File "/home/siorikco/virtualenv/LEARNSIORIK/3.11/lib/python3.11/site-packages/django/core/handlers/exception.py", line 55, in inner
    response = get_response(request)
               ^^^^^^^^^^^^^^^^^^^^^
  File "/home/siorikco/virtualenv/LEARNSIORIK/3.11/lib/python3.11/site-packages/django/utils/deprecation.py", line 133, in __call__
    response = self.process_request(request)
               ^^^^^^^^^^^^^^^^^^^^^^^^^^^^^
  File "/home/siorikco/virtualenv/LEARNSIORIK/3.11/lib/python3.11/site-packages/django/middleware/common.py", line 48, in process_request
    host = request.get_host()
           ^^^^^^^^^^^^^^^^^^
  File "/home/siorikco/virtualenv/LEARNSIORIK/3.11/lib/python3.11/site-packages/django/http/request.py", line 150, in get_host
    raise DisallowedHost(msg)
django.core.exceptions.DisallowedHost: Invalid HTTP_HOST header: 'learnwithsiorik.siorik.com'. You may need to add 'learnwithsiorik.siorik.com' to ALLOWED_HOSTS.
Bad Request: /
Not Found: /static/assets/libs/%40fancyapps/fancybox/dist/jquery.fancybox.min.css
Not Found: /api.mapbox.com/mapbox-gl-js/v0.53.0/mapbox-gl.css
Not Found: /static/assets/libs/%40fancyapps/fancybox/dist/jquery.fancybox.min.js
Not Found: /api.mapbox.com/mapbox-gl-js/v0.53.0/mapbox-gl.js
Not Found: /api.mapbox.com/mapbox-gl-js/v0.53.0/mapbox-gl.css
Not Found: /static/assets/libs/%40fancyapps/fancybox/dist/jquery.fancybox.min.css
Not Found: /static/assets/libs/%40fancyapps/fancybox/dist/jquery.fancybox.min.js
Not Found: /api.mapbox.com/mapbox-gl-js/v0.53.0/mapbox-gl.js
Not Found: /api.mapbox.com/mapbox-gl-js/v0.53.0/mapbox-gl.css
Not Found: /static/assets/libs/%40fancyapps/fancybox/dist/jquery.fancybox.min.css
Not Found: /static/assets/libs/%40fancyapps/fancybox/dist/jquery.fancybox.min.js
Requested Range Not Satisfiable: /static/assets/img/avatars/munu.png
Requested Range Not Satisfiable: /static/assets/img/post/post-10.png
Requested Range Not Satisfiable: /static/assets/img/avatars/mishu.png
Requested Range Not Satisfiable: /static/assets/img/covers/cover-14.jpg
Requested Range Not Satisfiable: /static/assets/img/covers/cover-16.jpg
Not Found: /api.mapbox.com/mapbox-gl-js/v0.53.0/mapbox-gl.js
Not Found: /favicon.png
Invalid HTTP_HOST header: 'www.learnwithsiorik.com'. You may need to add 'www.learnwithsiorik.com' to ALLOWED_HOSTS.
Traceback (most recent call last):
  File "/home/siorikco/virtualenv/LEARNSIORIK/3.11/lib/python3.11/site-packages/django/core/handlers/exception.py", line 55, in inner
    response = get_response(request)
               ^^^^^^^^^^^^^^^^^^^^^
  File "/home/siorikco/virtualenv/LEARNSIORIK/3.11/lib/python3.11/site-packages/django/utils/deprecation.py", line 133, in __call__
    response = self.process_request(request)
               ^^^^^^^^^^^^^^^^^^^^^^^^^^^^^
  File "/home/siorikco/virtualenv/LEARNSIORIK/3.11/lib/python3.11/site-packages/django/middleware/common.py", line 48, in process_request
    host = request.get_host()
           ^^^^^^^^^^^^^^^^^^
  File "/home/siorikco/virtualenv/LEARNSIORIK/3.11/lib/python3.11/site-packages/django/http/request.py", line 150, in get_host
    raise DisallowedHost(msg)
django.core.exceptions.DisallowedHost: Invalid HTTP_HOST header: 'www.learnwithsiorik.com'. You may need to add 'www.learnwithsiorik.com' to ALLOWED_HOSTS.
Bad Request: /
Not Found: /robots.txt
Not Found: /robots.txt
Not Found: /static/assets/libs/%40fancyapps/fancybox/dist/jquery.fancybox.min.css
Not Found: /api.mapbox.com/mapbox-gl-js/v0.53.0/mapbox-gl.css
Not Found: /static/assets/libs/%40fancyapps/fancybox/dist/jquery.fancybox.min.js
Not Found: /api.mapbox.com/mapbox-gl-js/v0.53.0/mapbox-gl.js
Not Found: /dashboard/
Not Found: /robots.txt
Not Found: /static/assets/libs/%40fancyapps/fancybox/dist/jquery.fancybox.min.css
Not Found: /api.mapbox.com/mapbox-gl-js/v0.53.0/mapbox-gl.css
Not Found: /static/assets/libs/%40fancyapps/fancybox/dist/jquery.fancybox.min.css
Not Found: /api.mapbox.com/mapbox-gl-js/v0.53.0/mapbox-gl.css
Not Found: /static/assets/libs/%40fancyapps/fancybox/dist/jquery.fancybox.min.js
Not Found: /api.mapbox.com/mapbox-gl-js/v0.53.0/mapbox-gl.js
Not Found: /course-single-v1.html
Not Found: /robots.txt
Not Found: /wp-sitemap.xml
Not Found: /static/assets/libs/%40fancyapps/fancybox/dist/jquery.fancybox.min.css
Not Found: /static/assets/libs/%40fancyapps/fancybox/dist/jquery.fancybox.min.js
Not Found: /api.mapbox.com/mapbox-gl-js/v0.53.0/mapbox-gl.css
Not Found: /api.mapbox.com/mapbox-gl-js/v0.53.0/mapbox-gl.js
Not Found: /api.mapbox.com/mapbox-gl-js/v0.53.0/mapbox-gl.css
Not Found: /api.mapbox.com/mapbox-gl-js/v0.53.0/mapbox-gl.css
Not Found: /static/assets/libs/%40fancyapps/fancybox/dist/jquery.fancybox.min.js
Not Found: /static/assets/libs/%40fancyapps/fancybox/dist/jquery.fancybox.min.css
Not Found: /api.mapbox.com/mapbox-gl-js/v0.53.0/mapbox-gl.js
Not Found: //wp-includes/css/buttons.css
Not Found: //
Not Found: //
Not Found: /course-list-v3.html
Not Found: /robots.txt
Not Found: /course-list-v6.html
Not Found: /static/assets/libs/%40fancyapps/fancybox/dist/jquery.fancybox.min.css
Not Found: /static/assets/libs/%40fancyapps/fancybox/dist/jquery.fancybox.min.js
Not Found: /api.mapbox.com/mapbox-gl-js/v0.53.0/mapbox-gl.js
Not Found: /api.mapbox.com/mapbox-gl-js/v0.53.0/mapbox-gl.css
Not Found: /static/assets/libs/%40fancyapps/fancybox/dist/jquery.fancybox.min.js
Not Found: /...html
Not Found: /api.mapbox.com/mapbox-gl-js/v0.53.0/mapbox-gl.js
Not Found: /api.mapbox.com/mapbox-gl-js/v0.53.0/mapbox-gl.css
Not Found: /static/assets/libs/%40fancyapps/fancybox/dist/jquery.fancybox.min.css
Not Found: /api.mapbox.com/mapbox-gl-js/v0.53.0/mapbox-gl.js
Not Found: /static/assets/libs/%40fancyapps/fancybox/dist/jquery.fancybox.min.js
Not Found: /static/assets/libs/%40fancyapps/fancybox/dist/jquery.fancybox.min.js
[UID:4364][1954381] Child process with pid: 1955098 was killed by signal: 15, core dumped: no
Not Found: /humans.txt
Not Found: /ads.txt
Not Found: /api.mapbox.com/mapbox-gl-js/v0.53.0/mapbox-gl.css
Not Found: /static/assets/libs/%40fancyapps/fancybox/dist/jquery.fancybox.min.css
Not Found: /static/assets/libs/%40fancyapps/fancybox/dist/jquery.fancybox.min.js
Internal Server Error: /my-course
Traceback (most recent call last):
  File "/home/siorikco/virtualenv/LEARNSIORIK/3.11/lib/python3.11/site-packages/django/db/models/fields/__init__.py", line 2053, in get_prep_value
    return int(value)
           ^^^^^^^^^^
TypeError: int() argument must be a string, a bytes-like object or a real number, not 'SimpleLazyObject'

The above exception was the direct cause of the following exception:

Traceback (most recent call last):
  File "/home/siorikco/virtualenv/LEARNSIORIK/3.11/lib/python3.11/site-packages/django/core/handlers/exception.py", line 55, in inner
    response = get_response(request)
               ^^^^^^^^^^^^^^^^^^^^^
  File "/home/siorikco/virtualenv/LEARNSIORIK/3.11/lib/python3.11/site-packages/django/core/handlers/base.py", line 197, in _get_response
    response = wrapped_callback(request, *callback_args, **callback_kwargs)
               ^^^^^^^^^^^^^^^^^^^^^^^^^^^^^^^^^^^^^^^^^^^^^^^^^^^^^^^^^^^^
  File "/home/siorikco/LEARNSIORIK/SiorikLearn/views.py", line 261, in MY_COURSE
    course = UserCourse.objects.filter(user = request.user)
             ^^^^^^^^^^^^^^^^^^^^^^^^^^^^^^^^^^^^^^^^^^^^^^
  File "/home/siorikco/virtualenv/LEARNSIORIK/3.11/lib/python3.11/site-packages/django/db/models/manager.py", line 87, in manager_method
    return getattr(self.get_queryset(), name)(*args, **kwargs)
           ^^^^^^^^^^^^^^^^^^^^^^^^^^^^^^^^^^^^^^^^^^^^^^^^^^^
  File "/home/siorikco/virtualenv/LEARNSIORIK/3.11/lib/python3.11/site-packages/django/db/models/query.py", line 1436, in filter
    return self._filter_or_exclude(False, args, kwargs)
           ^^^^^^^^^^^^^^^^^^^^^^^^^^^^^^^^^^^^^^^^^^^^
  File "/home/siorikco/virtualenv/LEARNSIORIK/3.11/lib/python3.11/site-packages/django/db/models/query.py", line 1454, in _filter_or_exclude
    clone._filter_or_exclude_inplace(negate, args, kwargs)
  File "/home/siorikco/virtualenv/LEARNSIORIK/3.11/lib/python3.11/site-packages/django/db/models/query.py", line 1461, in _filter_or_exclude_inplace
    self._query.add_q(Q(*args, **kwargs))
  File "/home/siorikco/virtualenv/LEARNSIORIK/3.11/lib/python3.11/site-packages/django/db/models/sql/query.py", line 1545, in add_q
    clause, _ = self._add_q(q_object, self.used_aliases)
                ^^^^^^^^^^^^^^^^^^^^^^^^^^^^^^^^^^^^^^^^
  File "/home/siorikco/virtualenv/LEARNSIORIK/3.11/lib/python3.11/site-packages/django/db/models/sql/query.py", line 1576, in _add_q
    child_clause, needed_inner = self.build_filter(
                                 ^^^^^^^^^^^^^^^^^^
  File "/home/siorikco/virtualenv/LEARNSIORIK/3.11/lib/python3.11/site-packages/django/db/models/sql/query.py", line 1491, in build_filter
    condition = self.build_lookup(lookups, col, value)
                ^^^^^^^^^^^^^^^^^^^^^^^^^^^^^^^^^^^^^^
  File "/home/siorikco/virtualenv/LEARNSIORIK/3.11/lib/python3.11/site-packages/django/db/models/sql/query.py", line 1318, in build_lookup
    lookup = lookup_class(lhs, rhs)
             ^^^^^^^^^^^^^^^^^^^^^^
  File "/home/siorikco/virtualenv/LEARNSIORIK/3.11/lib/python3.11/site-packages/django/db/models/lookups.py", line 27, in __init__
    self.rhs = self.get_prep_lookup()
               ^^^^^^^^^^^^^^^^^^^^^^
  File "/home/siorikco/virtualenv/LEARNSIORIK/3.11/lib/python3.11/site-packages/django/db/models/fields/related_lookups.py", line 166, in get_prep_lookup
    self.rhs = target_field.get_prep_value(self.rhs)
               ^^^^^^^^^^^^^^^^^^^^^^^^^^^^^^^^^^^^^
  File "/home/siorikco/virtualenv/LEARNSIORIK/3.11/lib/python3.11/site-packages/django/db/models/fields/__init__.py", line 2055, in get_prep_value
    raise e.__class__(
TypeError: Field 'id' expected a number but got <SimpleLazyObject: <django.contrib.auth.models.AnonymousUser object at 0x7ffa4479ae50>>.
Not Found: /static/assets/libs/%40fancyapps/fancybox/dist/jquery.fancybox.min.css
Not Found: /api.mapbox.com/mapbox-gl-js/v0.53.0/mapbox-gl.css
Not Found: /static/assets/libs/%40fancyapps/fancybox/dist/jquery.fancybox.min.js
Not Found: /api.mapbox.com/mapbox-gl-js/v0.53.0/mapbox-gl.js
Invalid HTTP_HOST header: 'www.learnwithsiorik.com'. You may need to add 'www.learnwithsiorik.com' to ALLOWED_HOSTS.
Traceback (most recent call last):
  File "/home/siorikco/virtualenv/LEARNSIORIK/3.11/lib/python3.11/site-packages/django/core/handlers/exception.py", line 55, in inner
    response = get_response(request)
               ^^^^^^^^^^^^^^^^^^^^^
  File "/home/siorikco/virtualenv/LEARNSIORIK/3.11/lib/python3.11/site-packages/django/utils/deprecation.py", line 133, in __call__
    response = self.process_request(request)
               ^^^^^^^^^^^^^^^^^^^^^^^^^^^^^
  File "/home/siorikco/virtualenv/LEARNSIORIK/3.11/lib/python3.11/site-packages/django/middleware/common.py", line 48, in process_request
    host = request.get_host()
           ^^^^^^^^^^^^^^^^^^
  File "/home/siorikco/virtualenv/LEARNSIORIK/3.11/lib/python3.11/site-packages/django/http/request.py", line 150, in get_host
    raise DisallowedHost(msg)
django.core.exceptions.DisallowedHost: Invalid HTTP_HOST header: 'www.learnwithsiorik.com'. You may need to add 'www.learnwithsiorik.com' to ALLOWED_HOSTS.
Bad Request: /
Not Found: /static/assets/libs/%40fancyapps/fancybox/dist/jquery.fancybox.min.css
Not Found: /api.mapbox.com/mapbox-gl-js/v0.53.0/mapbox-gl.css
Not Found: /static/assets/libs/%40fancyapps/fancybox/dist/jquery.fancybox.min.js
Not Found: /api.mapbox.com/mapbox-gl-js/v0.53.0/mapbox-gl.js
Not Found: /...html
Not Found: /robots.txt
Not Found: /cart/
Not Found: /api.mapbox.com/mapbox-gl-js/v0.53.0/mapbox-gl.js
Not Found: /api.mapbox.com/mapbox-gl-js/v0.53.0/mapbox-gl.css
Not Found: /static/assets/libs/%40fancyapps/fancybox/dist/jquery.fancybox.min.css
Not Found: /static/assets/libs/%40fancyapps/fancybox/dist/jquery.fancybox.min.js
Not Found: /static/assets/libs/%40fancyapps/fancybox/dist/jquery.fancybox.min.css
Not Found: /api.mapbox.com/mapbox-gl-js/v0.53.0/mapbox-gl.css
Not Found: /static/assets/libs/%40fancyapps/fancybox/dist/jquery.fancybox.min.js
Not Found: /api.mapbox.com/mapbox-gl-js/v0.53.0/mapbox-gl.js
Not Found: /static/assets/libs/%40fancyapps/fancybox/dist/jquery.fancybox.min.js
Not Found: /api.mapbox.com/mapbox-gl-js/v0.53.0/mapbox-gl.js
Not Found: /robots.txt
Not Found: /tutors
Not Found: /tutors
Not Found: /robots.txt
Not Found: /blog-single.html
Not Found: /robots.txt
Not Found: /robots.txt
Not Found: /robots.txt
Not Found: /static/assets/libs/%40fancyapps/fancybox/dist/jquery.fancybox.min.css
Not Found: /api.mapbox.com/mapbox-gl-js/v0.53.0/mapbox-gl.css
Internal Server Error: /my-course
Traceback (most recent call last):
  File "/home/siorikco/virtualenv/LEARNSIORIK/3.11/lib/python3.11/site-packages/django/db/models/fields/__init__.py", line 2053, in get_prep_value
    return int(value)
           ^^^^^^^^^^
TypeError: int() argument must be a string, a bytes-like object or a real number, not 'SimpleLazyObject'

The above exception was the direct cause of the following exception:

Traceback (most recent call last):
  File "/home/siorikco/virtualenv/LEARNSIORIK/3.11/lib/python3.11/site-packages/django/core/handlers/exception.py", line 55, in inner
    response = get_response(request)
               ^^^^^^^^^^^^^^^^^^^^^
  File "/home/siorikco/virtualenv/LEARNSIORIK/3.11/lib/python3.11/site-packages/django/core/handlers/base.py", line 197, in _get_response
    response = wrapped_callback(request, *callback_args, **callback_kwargs)
               ^^^^^^^^^^^^^^^^^^^^^^^^^^^^^^^^^^^^^^^^^^^^^^^^^^^^^^^^^^^^
  File "/home/siorikco/LEARNSIORIK/SiorikLearn/views.py", line 261, in MY_COURSE
    course = UserCourse.objects.filter(user = request.user)
             ^^^^^^^^^^^^^^^^^^^^^^^^^^^^^^^^^^^^^^^^^^^^^^
  File "/home/siorikco/virtualenv/LEARNSIORIK/3.11/lib/python3.11/site-packages/django/db/models/manager.py", line 87, in manager_method
    return getattr(self.get_queryset(), name)(*args, **kwargs)
           ^^^^^^^^^^^^^^^^^^^^^^^^^^^^^^^^^^^^^^^^^^^^^^^^^^^
  File "/home/siorikco/virtualenv/LEARNSIORIK/3.11/lib/python3.11/site-packages/django/db/models/query.py", line 1436, in filter
    return self._filter_or_exclude(False, args, kwargs)
           ^^^^^^^^^^^^^^^^^^^^^^^^^^^^^^^^^^^^^^^^^^^^
  File "/home/siorikco/virtualenv/LEARNSIORIK/3.11/lib/python3.11/site-packages/django/db/models/query.py", line 1454, in _filter_or_exclude
    clone._filter_or_exclude_inplace(negate, args, kwargs)
  File "/home/siorikco/virtualenv/LEARNSIORIK/3.11/lib/python3.11/site-packages/django/db/models/query.py", line 1461, in _filter_or_exclude_inplace
    self._query.add_q(Q(*args, **kwargs))
  File "/home/siorikco/virtualenv/LEARNSIORIK/3.11/lib/python3.11/site-packages/django/db/models/sql/query.py", line 1545, in add_q
    clause, _ = self._add_q(q_object, self.used_aliases)
                ^^^^^^^^^^^^^^^^^^^^^^^^^^^^^^^^^^^^^^^^
  File "/home/siorikco/virtualenv/LEARNSIORIK/3.11/lib/python3.11/site-packages/django/db/models/sql/query.py", line 1576, in _add_q
    child_clause, needed_inner = self.build_filter(
                                 ^^^^^^^^^^^^^^^^^^
  File "/home/siorikco/virtualenv/LEARNSIORIK/3.11/lib/python3.11/site-packages/django/db/models/sql/query.py", line 1491, in build_filter
    condition = self.build_lookup(lookups, col, value)
                ^^^^^^^^^^^^^^^^^^^^^^^^^^^^^^^^^^^^^^
  File "/home/siorikco/virtualenv/LEARNSIORIK/3.11/lib/python3.11/site-packages/django/db/models/sql/query.py", line 1318, in build_lookup
    lookup = lookup_class(lhs, rhs)
             ^^^^^^^^^^^^^^^^^^^^^^
  File "/home/siorikco/virtualenv/LEARNSIORIK/3.11/lib/python3.11/site-packages/django/db/models/lookups.py", line 27, in __init__
    self.rhs = self.get_prep_lookup()
               ^^^^^^^^^^^^^^^^^^^^^^
  File "/home/siorikco/virtualenv/LEARNSIORIK/3.11/lib/python3.11/site-packages/django/db/models/fields/related_lookups.py", line 166, in get_prep_lookup
    self.rhs = target_field.get_prep_value(self.rhs)
               ^^^^^^^^^^^^^^^^^^^^^^^^^^^^^^^^^^^^^
  File "/home/siorikco/virtualenv/LEARNSIORIK/3.11/lib/python3.11/site-packages/django/db/models/fields/__init__.py", line 2055, in get_prep_value
    raise e.__class__(
TypeError: Field 'id' expected a number but got <SimpleLazyObject: <django.contrib.auth.models.AnonymousUser object at 0x7f67a424a950>>.
Not Found: /robots.txt
Internal Server Error: /my-course
Traceback (most recent call last):
  File "/home/siorikco/virtualenv/LEARNSIORIK/3.11/lib/python3.11/site-packages/django/db/models/fields/__init__.py", line 2053, in get_prep_value
    return int(value)
           ^^^^^^^^^^
TypeError: int() argument must be a string, a bytes-like object or a real number, not 'SimpleLazyObject'

The above exception was the direct cause of the following exception:

Traceback (most recent call last):
  File "/home/siorikco/virtualenv/LEARNSIORIK/3.11/lib/python3.11/site-packages/django/core/handlers/exception.py", line 55, in inner
    response = get_response(request)
               ^^^^^^^^^^^^^^^^^^^^^
  File "/home/siorikco/virtualenv/LEARNSIORIK/3.11/lib/python3.11/site-packages/django/core/handlers/base.py", line 197, in _get_response
    response = wrapped_callback(request, *callback_args, **callback_kwargs)
               ^^^^^^^^^^^^^^^^^^^^^^^^^^^^^^^^^^^^^^^^^^^^^^^^^^^^^^^^^^^^
  File "/home/siorikco/LEARNSIORIK/SiorikLearn/views.py", line 261, in MY_COURSE
    course = UserCourse.objects.filter(user = request.user)
             ^^^^^^^^^^^^^^^^^^^^^^^^^^^^^^^^^^^^^^^^^^^^^^
  File "/home/siorikco/virtualenv/LEARNSIORIK/3.11/lib/python3.11/site-packages/django/db/models/manager.py", line 87, in manager_method
    return getattr(self.get_queryset(), name)(*args, **kwargs)
           ^^^^^^^^^^^^^^^^^^^^^^^^^^^^^^^^^^^^^^^^^^^^^^^^^^^
  File "/home/siorikco/virtualenv/LEARNSIORIK/3.11/lib/python3.11/site-packages/django/db/models/query.py", line 1436, in filter
    return self._filter_or_exclude(False, args, kwargs)
           ^^^^^^^^^^^^^^^^^^^^^^^^^^^^^^^^^^^^^^^^^^^^
  File "/home/siorikco/virtualenv/LEARNSIORIK/3.11/lib/python3.11/site-packages/django/db/models/query.py", line 1454, in _filter_or_exclude
    clone._filter_or_exclude_inplace(negate, args, kwargs)
  File "/home/siorikco/virtualenv/LEARNSIORIK/3.11/lib/python3.11/site-packages/django/db/models/query.py", line 1461, in _filter_or_exclude_inplace
    self._query.add_q(Q(*args, **kwargs))
  File "/home/siorikco/virtualenv/LEARNSIORIK/3.11/lib/python3.11/site-packages/django/db/models/sql/query.py", line 1545, in add_q
    clause, _ = self._add_q(q_object, self.used_aliases)
                ^^^^^^^^^^^^^^^^^^^^^^^^^^^^^^^^^^^^^^^^
  File "/home/siorikco/virtualenv/LEARNSIORIK/3.11/lib/python3.11/site-packages/django/db/models/sql/query.py", line 1576, in _add_q
    child_clause, needed_inner = self.build_filter(
                                 ^^^^^^^^^^^^^^^^^^
  File "/home/siorikco/virtualenv/LEARNSIORIK/3.11/lib/python3.11/site-packages/django/db/models/sql/query.py", line 1491, in build_filter
    condition = self.build_lookup(lookups, col, value)
                ^^^^^^^^^^^^^^^^^^^^^^^^^^^^^^^^^^^^^^
  File "/home/siorikco/virtualenv/LEARNSIORIK/3.11/lib/python3.11/site-packages/django/db/models/sql/query.py", line 1318, in build_lookup
    lookup = lookup_class(lhs, rhs)
             ^^^^^^^^^^^^^^^^^^^^^^
  File "/home/siorikco/virtualenv/LEARNSIORIK/3.11/lib/python3.11/site-packages/django/db/models/lookups.py", line 27, in __init__
    self.rhs = self.get_prep_lookup()
               ^^^^^^^^^^^^^^^^^^^^^^
  File "/home/siorikco/virtualenv/LEARNSIORIK/3.11/lib/python3.11/site-packages/django/db/models/fields/related_lookups.py", line 166, in get_prep_lookup
    self.rhs = target_field.get_prep_value(self.rhs)
               ^^^^^^^^^^^^^^^^^^^^^^^^^^^^^^^^^^^^^
  File "/home/siorikco/virtualenv/LEARNSIORIK/3.11/lib/python3.11/site-packages/django/db/models/fields/__init__.py", line 2055, in get_prep_value
    raise e.__class__(
TypeError: Field 'id' expected a number but got <SimpleLazyObject: <django.contrib.auth.models.AnonymousUser object at 0x7f87bcfac7d0>>.
Not Found: /static/assets/libs/%40fancyapps/fancybox/dist/jquery.fancybox.min.css
Not Found: /api.mapbox.com/mapbox-gl-js/v0.53.0/mapbox-gl.js
Not Found: /api.mapbox.com/mapbox-gl-js/v0.53.0/mapbox-gl.css
Not Found: /static/assets/libs/%40fancyapps/fancybox/dist/jquery.fancybox.min.js
Not Found: /favicon.png
Not Found: /course-list-v6.html
Not Found: /favicon.ico
Not Found: /course-list-v6.html
Not Found: /course-list-v6.html
Not Found: /static/assets/libs/%40fancyapps/fancybox/dist/jquery.fancybox.min.css
Not Found: /api.mapbox.com/mapbox-gl-js/v0.53.0/mapbox-gl.css
Not Found: /api.mapbox.com/mapbox-gl-js/v0.53.0/mapbox-gl.js
Not Found: /static/assets/libs/%40fancyapps/fancybox/dist/jquery.fancybox.min.js
Not Found: /accounts/...html
Not Found: /accounts/favicon.png
Invalid HTTP_HOST header: 'www.learnwithsiorik.com'. You may need to add 'www.learnwithsiorik.com' to ALLOWED_HOSTS.
Traceback (most recent call last):
  File "/home/siorikco/virtualenv/LEARNSIORIK/3.11/lib/python3.11/site-packages/django/core/handlers/exception.py", line 55, in inner
    response = get_response(request)
               ^^^^^^^^^^^^^^^^^^^^^
  File "/home/siorikco/virtualenv/LEARNSIORIK/3.11/lib/python3.11/site-packages/django/utils/deprecation.py", line 133, in __call__
    response = self.process_request(request)
               ^^^^^^^^^^^^^^^^^^^^^^^^^^^^^
  File "/home/siorikco/virtualenv/LEARNSIORIK/3.11/lib/python3.11/site-packages/django/middleware/common.py", line 48, in process_request
    host = request.get_host()
           ^^^^^^^^^^^^^^^^^^
  File "/home/siorikco/virtualenv/LEARNSIORIK/3.11/lib/python3.11/site-packages/django/http/request.py", line 150, in get_host
    raise DisallowedHost(msg)
django.core.exceptions.DisallowedHost: Invalid HTTP_HOST header: 'www.learnwithsiorik.com'. You may need to add 'www.learnwithsiorik.com' to ALLOWED_HOSTS.
Bad Request: /
Invalid HTTP_HOST header: 'www.learnwithsiorik.com'. You may need to add 'www.learnwithsiorik.com' to ALLOWED_HOSTS.
Traceback (most recent call last):
  File "/home/siorikco/virtualenv/LEARNSIORIK/3.11/lib/python3.11/site-packages/django/core/handlers/exception.py", line 55, in inner
    response = get_response(request)
               ^^^^^^^^^^^^^^^^^^^^^
  File "/home/siorikco/virtualenv/LEARNSIORIK/3.11/lib/python3.11/site-packages/django/utils/deprecation.py", line 133, in __call__
    response = self.process_request(request)
               ^^^^^^^^^^^^^^^^^^^^^^^^^^^^^
  File "/home/siorikco/virtualenv/LEARNSIORIK/3.11/lib/python3.11/site-packages/django/middleware/common.py", line 48, in process_request
    host = request.get_host()
           ^^^^^^^^^^^^^^^^^^
  File "/home/siorikco/virtualenv/LEARNSIORIK/3.11/lib/python3.11/site-packages/django/http/request.py", line 150, in get_host
    raise DisallowedHost(msg)
django.core.exceptions.DisallowedHost: Invalid HTTP_HOST header: 'www.learnwithsiorik.com'. You may need to add 'www.learnwithsiorik.com' to ALLOWED_HOSTS.
Bad Request: /
Not Found: /ads.txt
Not Found: /api.mapbox.com/mapbox-gl-js/v0.53.0/mapbox-gl.css
Not Found: /static/assets/libs/%40fancyapps/fancybox/dist/jquery.fancybox.min.js
Not Found: /static/assets/libs/%40fancyapps/fancybox/dist/jquery.fancybox.min.css
Not Found: /api.mapbox.com/mapbox-gl-js/v0.53.0/mapbox-gl.js
Not Found: /static/assets/libs/%40fancyapps/fancybox/dist/jquery.fancybox.min.js
Not Found: /api.mapbox.com/mapbox-gl-js/v0.53.0/mapbox-gl.js
Not Found: /static/assets/libs/%40fancyapps/fancybox/dist/jquery.fancybox.min.css
Not Found: /api.mapbox.com/mapbox-gl-js/v0.53.0/mapbox-gl.css
Not Found: /static/assets/libs/%40fancyapps/fancybox/dist/jquery.fancybox.min.js
Not Found: /api.mapbox.com/mapbox-gl-js/v0.53.0/mapbox-gl.js
Not Found: /accounts/...html
Not Found: /static/assets/libs/%40fancyapps/fancybox/dist/jquery.fancybox.min.js
Not Found: /api.mapbox.com/mapbox-gl-js/v0.53.0/mapbox-gl.js
Invalid HTTP_HOST header: 'www.learnwithsiorik.siorik.com'. You may need to add 'www.learnwithsiorik.siorik.com' to ALLOWED_HOSTS.
Traceback (most recent call last):
  File "/home/siorikco/virtualenv/LEARNSIORIK/3.11/lib/python3.11/site-packages/django/core/handlers/exception.py", line 55, in inner
    response = get_response(request)
               ^^^^^^^^^^^^^^^^^^^^^
  File "/home/siorikco/virtualenv/LEARNSIORIK/3.11/lib/python3.11/site-packages/django/utils/deprecation.py", line 133, in __call__
    response = self.process_request(request)
               ^^^^^^^^^^^^^^^^^^^^^^^^^^^^^
  File "/home/siorikco/virtualenv/LEARNSIORIK/3.11/lib/python3.11/site-packages/django/middleware/common.py", line 48, in process_request
    host = request.get_host()
           ^^^^^^^^^^^^^^^^^^
  File "/home/siorikco/virtualenv/LEARNSIORIK/3.11/lib/python3.11/site-packages/django/http/request.py", line 150, in get_host
    raise DisallowedHost(msg)
django.core.exceptions.DisallowedHost: Invalid HTTP_HOST header: 'www.learnwithsiorik.siorik.com'. You may need to add 'www.learnwithsiorik.siorik.com' to ALLOWED_HOSTS.
Bad Request: /
Invalid HTTP_HOST header: 'www.learnwithsiorik.siorik.com'. You may need to add 'www.learnwithsiorik.siorik.com' to ALLOWED_HOSTS.
Traceback (most recent call last):
  File "/home/siorikco/virtualenv/LEARNSIORIK/3.11/lib/python3.11/site-packages/django/core/handlers/exception.py", line 55, in inner
    response = get_response(request)
               ^^^^^^^^^^^^^^^^^^^^^
  File "/home/siorikco/virtualenv/LEARNSIORIK/3.11/lib/python3.11/site-packages/django/utils/deprecation.py", line 133, in __call__
    response = self.process_request(request)
               ^^^^^^^^^^^^^^^^^^^^^^^^^^^^^
  File "/home/siorikco/virtualenv/LEARNSIORIK/3.11/lib/python3.11/site-packages/django/middleware/common.py", line 48, in process_request
    host = request.get_host()
           ^^^^^^^^^^^^^^^^^^
  File "/home/siorikco/virtualenv/LEARNSIORIK/3.11/lib/python3.11/site-packages/django/http/request.py", line 150, in get_host
    raise DisallowedHost(msg)
django.core.exceptions.DisallowedHost: Invalid HTTP_HOST header: 'www.learnwithsiorik.siorik.com'. You may need to add 'www.learnwithsiorik.siorik.com' to ALLOWED_HOSTS.
Bad Request: /
Invalid HTTP_HOST header: 'www.learnwithsiorik.com'. You may need to add 'www.learnwithsiorik.com' to ALLOWED_HOSTS.
Traceback (most recent call last):
  File "/home/siorikco/virtualenv/LEARNSIORIK/3.11/lib/python3.11/site-packages/django/core/handlers/exception.py", line 55, in inner
    response = get_response(request)
               ^^^^^^^^^^^^^^^^^^^^^
  File "/home/siorikco/virtualenv/LEARNSIORIK/3.11/lib/python3.11/site-packages/django/utils/deprecation.py", line 133, in __call__
    response = self.process_request(request)
               ^^^^^^^^^^^^^^^^^^^^^^^^^^^^^
  File "/home/siorikco/virtualenv/LEARNSIORIK/3.11/lib/python3.11/site-packages/django/middleware/common.py", line 48, in process_request
    host = request.get_host()
           ^^^^^^^^^^^^^^^^^^
  File "/home/siorikco/virtualenv/LEARNSIORIK/3.11/lib/python3.11/site-packages/django/http/request.py", line 150, in get_host
    raise DisallowedHost(msg)
django.core.exceptions.DisallowedHost: Invalid HTTP_HOST header: 'www.learnwithsiorik.com'. You may need to add 'www.learnwithsiorik.com' to ALLOWED_HOSTS.
Bad Request: /
Invalid HTTP_HOST header: 'www.learnwithsiorik.com'. You may need to add 'www.learnwithsiorik.com' to ALLOWED_HOSTS.
Traceback (most recent call last):
  File "/home/siorikco/virtualenv/LEARNSIORIK/3.11/lib/python3.11/site-packages/django/core/handlers/exception.py", line 55, in inner
    response = get_response(request)
               ^^^^^^^^^^^^^^^^^^^^^
  File "/home/siorikco/virtualenv/LEARNSIORIK/3.11/lib/python3.11/site-packages/django/utils/deprecation.py", line 133, in __call__
    response = self.process_request(request)
               ^^^^^^^^^^^^^^^^^^^^^^^^^^^^^
  File "/home/siorikco/virtualenv/LEARNSIORIK/3.11/lib/python3.11/site-packages/django/middleware/common.py", line 48, in process_request
    host = request.get_host()
           ^^^^^^^^^^^^^^^^^^
  File "/home/siorikco/virtualenv/LEARNSIORIK/3.11/lib/python3.11/site-packages/django/http/request.py", line 150, in get_host
    raise DisallowedHost(msg)
django.core.exceptions.DisallowedHost: Invalid HTTP_HOST header: 'www.learnwithsiorik.com'. You may need to add 'www.learnwithsiorik.com' to ALLOWED_HOSTS.
Bad Request: /
Not Found: /robots.txt
Not Found: /static/assets/libs/%40fancyapps/fancybox/dist/jquery.fancybox.min.css
Not Found: /robots.txt
Not Found: /wp-content/uploads/2021/11/cropped-icon-1.png
Not Found: /static/assets/libs/%40fancyapps/fancybox/dist/jquery.fancybox.min.css
Not Found: /api.mapbox.com/mapbox-gl-js/v0.53.0/mapbox-gl.css
Not Found: /static/assets/libs/%40fancyapps/fancybox/dist/jquery.fancybox.min.js
Not Found: /api.mapbox.com/mapbox-gl-js/v0.53.0/mapbox-gl.js
Not Found: /accounts/...html
Not Found: /static/assets/libs/%40fancyapps/fancybox/dist/jquery.fancybox.min.js
Not Found: /api.mapbox.com/mapbox-gl-js/v0.53.0/mapbox-gl.js
[UID:4364][3759827] Child process with pid: 3759934 was killed by signal: 15, core dumped: no
Not Found: /robots.txt
Not Found: /static/assets/libs/%40fancyapps/fancybox/dist/jquery.fancybox.min.css
Not Found: /api.mapbox.com/mapbox-gl-js/v0.53.0/mapbox-gl.css
Not Found: /robots.txt
Invalid HTTP_HOST header: 'www.learnwithsiorik.com'. You may need to add 'www.learnwithsiorik.com' to ALLOWED_HOSTS.
Traceback (most recent call last):
  File "/home/siorikco/virtualenv/LEARNSIORIK/3.11/lib/python3.11/site-packages/django/core/handlers/exception.py", line 55, in inner
    response = get_response(request)
               ^^^^^^^^^^^^^^^^^^^^^
  File "/home/siorikco/virtualenv/LEARNSIORIK/3.11/lib/python3.11/site-packages/django/utils/deprecation.py", line 133, in __call__
    response = self.process_request(request)
               ^^^^^^^^^^^^^^^^^^^^^^^^^^^^^
  File "/home/siorikco/virtualenv/LEARNSIORIK/3.11/lib/python3.11/site-packages/django/middleware/common.py", line 48, in process_request
    host = request.get_host()
           ^^^^^^^^^^^^^^^^^^
  File "/home/siorikco/virtualenv/LEARNSIORIK/3.11/lib/python3.11/site-packages/django/http/request.py", line 150, in get_host
    raise DisallowedHost(msg)
django.core.exceptions.DisallowedHost: Invalid HTTP_HOST header: 'www.learnwithsiorik.com'. You may need to add 'www.learnwithsiorik.com' to ALLOWED_HOSTS.
Bad Request: /robots.txt
Not Found: /ads.txt
Invalid HTTP_HOST header: 'www.learnwithsiorik.com'. You may need to add 'www.learnwithsiorik.com' to ALLOWED_HOSTS.
Traceback (most recent call last):
  File "/home/siorikco/virtualenv/LEARNSIORIK/3.11/lib/python3.11/site-packages/django/core/handlers/exception.py", line 55, in inner
    response = get_response(request)
               ^^^^^^^^^^^^^^^^^^^^^
  File "/home/siorikco/virtualenv/LEARNSIORIK/3.11/lib/python3.11/site-packages/django/utils/deprecation.py", line 133, in __call__
    response = self.process_request(request)
               ^^^^^^^^^^^^^^^^^^^^^^^^^^^^^
  File "/home/siorikco/virtualenv/LEARNSIORIK/3.11/lib/python3.11/site-packages/django/middleware/common.py", line 48, in process_request
    host = request.get_host()
           ^^^^^^^^^^^^^^^^^^
  File "/home/siorikco/virtualenv/LEARNSIORIK/3.11/lib/python3.11/site-packages/django/http/request.py", line 150, in get_host
    raise DisallowedHost(msg)
django.core.exceptions.DisallowedHost: Invalid HTTP_HOST header: 'www.learnwithsiorik.com'. You may need to add 'www.learnwithsiorik.com' to ALLOWED_HOSTS.
Bad Request: /robots.txt
Invalid HTTP_HOST header: 'www.learnwithsiorik.com'. You may need to add 'www.learnwithsiorik.com' to ALLOWED_HOSTS.
Traceback (most recent call last):
  File "/home/siorikco/virtualenv/LEARNSIORIK/3.11/lib/python3.11/site-packages/django/core/handlers/exception.py", line 55, in inner
    response = get_response(request)
               ^^^^^^^^^^^^^^^^^^^^^
  File "/home/siorikco/virtualenv/LEARNSIORIK/3.11/lib/python3.11/site-packages/django/utils/deprecation.py", line 133, in __call__
    response = self.process_request(request)
               ^^^^^^^^^^^^^^^^^^^^^^^^^^^^^
  File "/home/siorikco/virtualenv/LEARNSIORIK/3.11/lib/python3.11/site-packages/django/middleware/common.py", line 48, in process_request
    host = request.get_host()
           ^^^^^^^^^^^^^^^^^^
  File "/home/siorikco/virtualenv/LEARNSIORIK/3.11/lib/python3.11/site-packages/django/http/request.py", line 150, in get_host
    raise DisallowedHost(msg)
django.core.exceptions.DisallowedHost: Invalid HTTP_HOST header: 'www.learnwithsiorik.com'. You may need to add 'www.learnwithsiorik.com' to ALLOWED_HOSTS.
Bad Request: /ads.txt
Not Found: /app-ads.txt
Invalid HTTP_HOST header: 'www.learnwithsiorik.com'. You may need to add 'www.learnwithsiorik.com' to ALLOWED_HOSTS.
Traceback (most recent call last):
  File "/home/siorikco/virtualenv/LEARNSIORIK/3.11/lib/python3.11/site-packages/django/core/handlers/exception.py", line 55, in inner
    response = get_response(request)
               ^^^^^^^^^^^^^^^^^^^^^
  File "/home/siorikco/virtualenv/LEARNSIORIK/3.11/lib/python3.11/site-packages/django/utils/deprecation.py", line 133, in __call__
    response = self.process_request(request)
               ^^^^^^^^^^^^^^^^^^^^^^^^^^^^^
  File "/home/siorikco/virtualenv/LEARNSIORIK/3.11/lib/python3.11/site-packages/django/middleware/common.py", line 48, in process_request
    host = request.get_host()
           ^^^^^^^^^^^^^^^^^^
  File "/home/siorikco/virtualenv/LEARNSIORIK/3.11/lib/python3.11/site-packages/django/http/request.py", line 150, in get_host
    raise DisallowedHost(msg)
django.core.exceptions.DisallowedHost: Invalid HTTP_HOST header: 'www.learnwithsiorik.com'. You may need to add 'www.learnwithsiorik.com' to ALLOWED_HOSTS.
Bad Request: /app-ads.txt
Not Found: /.well-known/apple-app-site-association
Not Found: /apple-app-site-association
Invalid HTTP_HOST header: 'www.learnwithsiorik.com'. You may need to add 'www.learnwithsiorik.com' to ALLOWED_HOSTS.
Traceback (most recent call last):
  File "/home/siorikco/virtualenv/LEARNSIORIK/3.11/lib/python3.11/site-packages/django/core/handlers/exception.py", line 55, in inner
    response = get_response(request)
               ^^^^^^^^^^^^^^^^^^^^^
  File "/home/siorikco/virtualenv/LEARNSIORIK/3.11/lib/python3.11/site-packages/django/utils/deprecation.py", line 133, in __call__
    response = self.process_request(request)
               ^^^^^^^^^^^^^^^^^^^^^^^^^^^^^
  File "/home/siorikco/virtualenv/LEARNSIORIK/3.11/lib/python3.11/site-packages/django/middleware/common.py", line 48, in process_request
    host = request.get_host()
           ^^^^^^^^^^^^^^^^^^
  File "/home/siorikco/virtualenv/LEARNSIORIK/3.11/lib/python3.11/site-packages/django/http/request.py", line 150, in get_host
    raise DisallowedHost(msg)
django.core.exceptions.DisallowedHost: Invalid HTTP_HOST header: 'www.learnwithsiorik.com'. You may need to add 'www.learnwithsiorik.com' to ALLOWED_HOSTS.
Bad Request: /.well-known/apple-app-site-association
Invalid HTTP_HOST header: 'www.learnwithsiorik.com'. You may need to add 'www.learnwithsiorik.com' to ALLOWED_HOSTS.
Traceback (most recent call last):
  File "/home/siorikco/virtualenv/LEARNSIORIK/3.11/lib/python3.11/site-packages/django/core/handlers/exception.py", line 55, in inner
    response = get_response(request)
               ^^^^^^^^^^^^^^^^^^^^^
  File "/home/siorikco/virtualenv/LEARNSIORIK/3.11/lib/python3.11/site-packages/django/utils/deprecation.py", line 133, in __call__
    response = self.process_request(request)
               ^^^^^^^^^^^^^^^^^^^^^^^^^^^^^
  File "/home/siorikco/virtualenv/LEARNSIORIK/3.11/lib/python3.11/site-packages/django/middleware/common.py", line 48, in process_request
    host = request.get_host()
           ^^^^^^^^^^^^^^^^^^
  File "/home/siorikco/virtualenv/LEARNSIORIK/3.11/lib/python3.11/site-packages/django/http/request.py", line 150, in get_host
    raise DisallowedHost(msg)
django.core.exceptions.DisallowedHost: Invalid HTTP_HOST header: 'www.learnwithsiorik.com'. You may need to add 'www.learnwithsiorik.com' to ALLOWED_HOSTS.
Bad Request: /apple-app-site-association
Not Found: /.well-known/assetlinks.json
Invalid HTTP_HOST header: 'www.learnwithsiorik.com'. You may need to add 'www.learnwithsiorik.com' to ALLOWED_HOSTS.
Traceback (most recent call last):
  File "/home/siorikco/virtualenv/LEARNSIORIK/3.11/lib/python3.11/site-packages/django/core/handlers/exception.py", line 55, in inner
    response = get_response(request)
               ^^^^^^^^^^^^^^^^^^^^^
  File "/home/siorikco/virtualenv/LEARNSIORIK/3.11/lib/python3.11/site-packages/django/utils/deprecation.py", line 133, in __call__
    response = self.process_request(request)
               ^^^^^^^^^^^^^^^^^^^^^^^^^^^^^
  File "/home/siorikco/virtualenv/LEARNSIORIK/3.11/lib/python3.11/site-packages/django/middleware/common.py", line 48, in process_request
    host = request.get_host()
           ^^^^^^^^^^^^^^^^^^
  File "/home/siorikco/virtualenv/LEARNSIORIK/3.11/lib/python3.11/site-packages/django/http/request.py", line 150, in get_host
    raise DisallowedHost(msg)
django.core.exceptions.DisallowedHost: Invalid HTTP_HOST header: 'www.learnwithsiorik.com'. You may need to add 'www.learnwithsiorik.com' to ALLOWED_HOSTS.
Bad Request: /.well-known/assetlinks.json
Not Found: /.well-known/gpc.json
Invalid HTTP_HOST header: 'www.learnwithsiorik.com'. You may need to add 'www.learnwithsiorik.com' to ALLOWED_HOSTS.
Traceback (most recent call last):
  File "/home/siorikco/virtualenv/LEARNSIORIK/3.11/lib/python3.11/site-packages/django/core/handlers/exception.py", line 55, in inner
    response = get_response(request)
               ^^^^^^^^^^^^^^^^^^^^^
  File "/home/siorikco/virtualenv/LEARNSIORIK/3.11/lib/python3.11/site-packages/django/utils/deprecation.py", line 133, in __call__
    response = self.process_request(request)
               ^^^^^^^^^^^^^^^^^^^^^^^^^^^^^
  File "/home/siorikco/virtualenv/LEARNSIORIK/3.11/lib/python3.11/site-packages/django/middleware/common.py", line 48, in process_request
    host = request.get_host()
           ^^^^^^^^^^^^^^^^^^
  File "/home/siorikco/virtualenv/LEARNSIORIK/3.11/lib/python3.11/site-packages/django/http/request.py", line 150, in get_host
    raise DisallowedHost(msg)
django.core.exceptions.DisallowedHost: Invalid HTTP_HOST header: 'www.learnwithsiorik.com'. You may need to add 'www.learnwithsiorik.com' to ALLOWED_HOSTS.
Bad Request: /.well-known/gpc.json
Not Found: /.well-known/nodeinfo
Invalid HTTP_HOST header: 'www.learnwithsiorik.com'. You may need to add 'www.learnwithsiorik.com' to ALLOWED_HOSTS.
Traceback (most recent call last):
  File "/home/siorikco/virtualenv/LEARNSIORIK/3.11/lib/python3.11/site-packages/django/core/handlers/exception.py", line 55, in inner
    response = get_response(request)
               ^^^^^^^^^^^^^^^^^^^^^
  File "/home/siorikco/virtualenv/LEARNSIORIK/3.11/lib/python3.11/site-packages/django/utils/deprecation.py", line 133, in __call__
    response = self.process_request(request)
               ^^^^^^^^^^^^^^^^^^^^^^^^^^^^^
  File "/home/siorikco/virtualenv/LEARNSIORIK/3.11/lib/python3.11/site-packages/django/middleware/common.py", line 48, in process_request
    host = request.get_host()
           ^^^^^^^^^^^^^^^^^^
  File "/home/siorikco/virtualenv/LEARNSIORIK/3.11/lib/python3.11/site-packages/django/http/request.py", line 150, in get_host
    raise DisallowedHost(msg)
django.core.exceptions.DisallowedHost: Invalid HTTP_HOST header: 'www.learnwithsiorik.com'. You may need to add 'www.learnwithsiorik.com' to ALLOWED_HOSTS.
Bad Request: /.well-known/nodeinfo
Not Found: /.well-known/openid-configuration
Invalid HTTP_HOST header: 'www.learnwithsiorik.com'. You may need to add 'www.learnwithsiorik.com' to ALLOWED_HOSTS.
Traceback (most recent call last):
  File "/home/siorikco/virtualenv/LEARNSIORIK/3.11/lib/python3.11/site-packages/django/core/handlers/exception.py", line 55, in inner
    response = get_response(request)
               ^^^^^^^^^^^^^^^^^^^^^
  File "/home/siorikco/virtualenv/LEARNSIORIK/3.11/lib/python3.11/site-packages/django/utils/deprecation.py", line 133, in __call__
    response = self.process_request(request)
               ^^^^^^^^^^^^^^^^^^^^^^^^^^^^^
  File "/home/siorikco/virtualenv/LEARNSIORIK/3.11/lib/python3.11/site-packages/django/middleware/common.py", line 48, in process_request
    host = request.get_host()
           ^^^^^^^^^^^^^^^^^^
  File "/home/siorikco/virtualenv/LEARNSIORIK/3.11/lib/python3.11/site-packages/django/http/request.py", line 150, in get_host
    raise DisallowedHost(msg)
django.core.exceptions.DisallowedHost: Invalid HTTP_HOST header: 'www.learnwithsiorik.com'. You may need to add 'www.learnwithsiorik.com' to ALLOWED_HOSTS.
Bad Request: /.well-known/openid-configuration
Not Found: /.well-known/security.txt
Not Found: /security.txt
Invalid HTTP_HOST header: 'www.learnwithsiorik.com'. You may need to add 'www.learnwithsiorik.com' to ALLOWED_HOSTS.
Traceback (most recent call last):
  File "/home/siorikco/virtualenv/LEARNSIORIK/3.11/lib/python3.11/site-packages/django/core/handlers/exception.py", line 55, in inner
    response = get_response(request)
               ^^^^^^^^^^^^^^^^^^^^^
  File "/home/siorikco/virtualenv/LEARNSIORIK/3.11/lib/python3.11/site-packages/django/utils/deprecation.py", line 133, in __call__
    response = self.process_request(request)
               ^^^^^^^^^^^^^^^^^^^^^^^^^^^^^
  File "/home/siorikco/virtualenv/LEARNSIORIK/3.11/lib/python3.11/site-packages/django/middleware/common.py", line 48, in process_request
    host = request.get_host()
           ^^^^^^^^^^^^^^^^^^
  File "/home/siorikco/virtualenv/LEARNSIORIK/3.11/lib/python3.11/site-packages/django/http/request.py", line 150, in get_host
    raise DisallowedHost(msg)
django.core.exceptions.DisallowedHost: Invalid HTTP_HOST header: 'www.learnwithsiorik.com'. You may need to add 'www.learnwithsiorik.com' to ALLOWED_HOSTS.
Bad Request: /.well-known/security.txt
Invalid HTTP_HOST header: 'www.learnwithsiorik.com'. You may need to add 'www.learnwithsiorik.com' to ALLOWED_HOSTS.
Traceback (most recent call last):
  File "/home/siorikco/virtualenv/LEARNSIORIK/3.11/lib/python3.11/site-packages/django/core/handlers/exception.py", line 55, in inner
    response = get_response(request)
               ^^^^^^^^^^^^^^^^^^^^^
  File "/home/siorikco/virtualenv/LEARNSIORIK/3.11/lib/python3.11/site-packages/django/utils/deprecation.py", line 133, in __call__
    response = self.process_request(request)
               ^^^^^^^^^^^^^^^^^^^^^^^^^^^^^
  File "/home/siorikco/virtualenv/LEARNSIORIK/3.11/lib/python3.11/site-packages/django/middleware/common.py", line 48, in process_request
    host = request.get_host()
           ^^^^^^^^^^^^^^^^^^
  File "/home/siorikco/virtualenv/LEARNSIORIK/3.11/lib/python3.11/site-packages/django/http/request.py", line 150, in get_host
    raise DisallowedHost(msg)
django.core.exceptions.DisallowedHost: Invalid HTTP_HOST header: 'www.learnwithsiorik.com'. You may need to add 'www.learnwithsiorik.com' to ALLOWED_HOSTS.
Bad Request: /security.txt
Not Found: /.well-known/trust.txt
Not Found: /trust.txt
Invalid HTTP_HOST header: 'www.learnwithsiorik.com'. You may need to add 'www.learnwithsiorik.com' to ALLOWED_HOSTS.
Traceback (most recent call last):
  File "/home/siorikco/virtualenv/LEARNSIORIK/3.11/lib/python3.11/site-packages/django/core/handlers/exception.py", line 55, in inner
    response = get_response(request)
               ^^^^^^^^^^^^^^^^^^^^^
  File "/home/siorikco/virtualenv/LEARNSIORIK/3.11/lib/python3.11/site-packages/django/utils/deprecation.py", line 133, in __call__
    response = self.process_request(request)
               ^^^^^^^^^^^^^^^^^^^^^^^^^^^^^
  File "/home/siorikco/virtualenv/LEARNSIORIK/3.11/lib/python3.11/site-packages/django/middleware/common.py", line 48, in process_request
    host = request.get_host()
           ^^^^^^^^^^^^^^^^^^
  File "/home/siorikco/virtualenv/LEARNSIORIK/3.11/lib/python3.11/site-packages/django/http/request.py", line 150, in get_host
    raise DisallowedHost(msg)
django.core.exceptions.DisallowedHost: Invalid HTTP_HOST header: 'www.learnwithsiorik.com'. You may need to add 'www.learnwithsiorik.com' to ALLOWED_HOSTS.
Bad Request: /.well-known/trust.txt
Invalid HTTP_HOST header: 'www.learnwithsiorik.com'. You may need to add 'www.learnwithsiorik.com' to ALLOWED_HOSTS.
Traceback (most recent call last):
  File "/home/siorikco/virtualenv/LEARNSIORIK/3.11/lib/python3.11/site-packages/django/core/handlers/exception.py", line 55, in inner
    response = get_response(request)
               ^^^^^^^^^^^^^^^^^^^^^
  File "/home/siorikco/virtualenv/LEARNSIORIK/3.11/lib/python3.11/site-packages/django/utils/deprecation.py", line 133, in __call__
    response = self.process_request(request)
               ^^^^^^^^^^^^^^^^^^^^^^^^^^^^^
  File "/home/siorikco/virtualenv/LEARNSIORIK/3.11/lib/python3.11/site-packages/django/middleware/common.py", line 48, in process_request
    host = request.get_host()
           ^^^^^^^^^^^^^^^^^^
  File "/home/siorikco/virtualenv/LEARNSIORIK/3.11/lib/python3.11/site-packages/django/http/request.py", line 150, in get_host
    raise DisallowedHost(msg)
django.core.exceptions.DisallowedHost: Invalid HTTP_HOST header: 'www.learnwithsiorik.com'. You may need to add 'www.learnwithsiorik.com' to ALLOWED_HOSTS.
Bad Request: /trust.txt
Invalid HTTP_HOST header: 'learnwithsiorik.siorik.com'. You may need to add 'learnwithsiorik.siorik.com' to ALLOWED_HOSTS.
Traceback (most recent call last):
  File "/home/siorikco/virtualenv/LEARNSIORIK/3.11/lib/python3.11/site-packages/django/core/handlers/exception.py", line 55, in inner
    response = get_response(request)
               ^^^^^^^^^^^^^^^^^^^^^
  File "/home/siorikco/virtualenv/LEARNSIORIK/3.11/lib/python3.11/site-packages/django/utils/deprecation.py", line 133, in __call__
    response = self.process_request(request)
               ^^^^^^^^^^^^^^^^^^^^^^^^^^^^^
  File "/home/siorikco/virtualenv/LEARNSIORIK/3.11/lib/python3.11/site-packages/django/middleware/common.py", line 48, in process_request
    host = request.get_host()
           ^^^^^^^^^^^^^^^^^^
  File "/home/siorikco/virtualenv/LEARNSIORIK/3.11/lib/python3.11/site-packages/django/http/request.py", line 150, in get_host
    raise DisallowedHost(msg)
django.core.exceptions.DisallowedHost: Invalid HTTP_HOST header: 'learnwithsiorik.siorik.com'. You may need to add 'learnwithsiorik.siorik.com' to ALLOWED_HOSTS.
Bad Request: /wp-content/themes/bricks/assets/css/frontend-light.min.css
Not Found: /wp-content/themes/bricks/assets/css/frontend-light.min.css
Not Found: /robots.txt
Not Found: /robots.txt
Not Found: /static/assets/libs/%40fancyapps/fancybox/dist/jquery.fancybox.min.css
Not Found: /api.mapbox.com/mapbox-gl-js/v0.53.0/mapbox-gl.css
Not Found: /static/assets/libs/%40fancyapps/fancybox/dist/jquery.fancybox.min.js
Not Found: /api.mapbox.com/mapbox-gl-js/v0.53.0/mapbox-gl.js
Not Found: /api.mapbox.com/mapbox-gl-js/v0.53.0/mapbox-gl.css
Not Found: /shop/
Not Found: /robots.txt
Not Found: /robots.txt
Not Found: /dashboard/
Forbidden (Referer checking failed - no Referer.): /
Not Found: /wp-json
Not Found: /wp-json
Not Found: /wp-content/plugins/moveto/assets/js/common-front.js
Not Found: /robots.txt
Not Found: /wp-content/uploads/2021/11/cropped-icon-1.png
Not Found: /static/assets/libs/%40fancyapps/fancybox/dist/jquery.fancybox.min.css
Not Found: /static/assets/libs/%40fancyapps/fancybox/dist/jquery.fancybox.min.css
Not Found: /api.mapbox.com/mapbox-gl-js/v0.53.0/mapbox-gl.css
Not Found: /api.mapbox.com/mapbox-gl-js/v0.53.0/mapbox-gl.js
Not Found: /static/assets/libs/%40fancyapps/fancybox/dist/jquery.fancybox.min.js
Not Found: /accounts/...html
Not Found: /accounts/favicon.png
Not Found: /wp-content/admin.php
Invalid HTTP_HOST header: 'www.learnwithsiorik.com'. You may need to add 'www.learnwithsiorik.com' to ALLOWED_HOSTS.
Traceback (most recent call last):
  File "/home/siorikco/virtualenv/LEARNSIORIK/3.11/lib/python3.11/site-packages/django/core/handlers/exception.py", line 55, in inner
    response = get_response(request)
               ^^^^^^^^^^^^^^^^^^^^^
  File "/home/siorikco/virtualenv/LEARNSIORIK/3.11/lib/python3.11/site-packages/django/utils/deprecation.py", line 133, in __call__
    response = self.process_request(request)
               ^^^^^^^^^^^^^^^^^^^^^^^^^^^^^
  File "/home/siorikco/virtualenv/LEARNSIORIK/3.11/lib/python3.11/site-packages/django/middleware/common.py", line 48, in process_request
    host = request.get_host()
           ^^^^^^^^^^^^^^^^^^
  File "/home/siorikco/virtualenv/LEARNSIORIK/3.11/lib/python3.11/site-packages/django/http/request.py", line 150, in get_host
    raise DisallowedHost(msg)
django.core.exceptions.DisallowedHost: Invalid HTTP_HOST header: 'www.learnwithsiorik.com'. You may need to add 'www.learnwithsiorik.com' to ALLOWED_HOSTS.
Bad Request: /robots.txt
Invalid HTTP_HOST header: 'www.learnwithsiorik.com'. You may need to add 'www.learnwithsiorik.com' to ALLOWED_HOSTS.
Traceback (most recent call last):
  File "/home/siorikco/virtualenv/LEARNSIORIK/3.11/lib/python3.11/site-packages/django/core/handlers/exception.py", line 55, in inner
    response = get_response(request)
               ^^^^^^^^^^^^^^^^^^^^^
  File "/home/siorikco/virtualenv/LEARNSIORIK/3.11/lib/python3.11/site-packages/django/utils/deprecation.py", line 133, in __call__
    response = self.process_request(request)
               ^^^^^^^^^^^^^^^^^^^^^^^^^^^^^
  File "/home/siorikco/virtualenv/LEARNSIORIK/3.11/lib/python3.11/site-packages/django/middleware/common.py", line 48, in process_request
    host = request.get_host()
           ^^^^^^^^^^^^^^^^^^
  File "/home/siorikco/virtualenv/LEARNSIORIK/3.11/lib/python3.11/site-packages/django/http/request.py", line 150, in get_host
    raise DisallowedHost(msg)
django.core.exceptions.DisallowedHost: Invalid HTTP_HOST header: 'www.learnwithsiorik.com'. You may need to add 'www.learnwithsiorik.com' to ALLOWED_HOSTS.
Bad Request: /
Forbidden (Referer checking failed - no Referer.): /
Not Found: /wp-json
Not Found: /wp-json
Not Found: /wp-content/plugins/moveto/assets/js/common-front.js
Not Found: /api.mapbox.com/mapbox-gl-js/v0.53.0/mapbox-gl.css
Not Found: /static/assets/libs/%40fancyapps/fancybox/dist/jquery.fancybox.min.css
Not Found: /static/assets/libs/%40fancyapps/fancybox/dist/jquery.fancybox.min.js
Not Found: /api.mapbox.com/mapbox-gl-js/v0.53.0/mapbox-gl.js
Not Found: /favicon.png
Not Found: /robots.txt
Not Found: /robots.txt
Not Found: /wp-content/plugins/woo-thank-you-page-nextmove-lite/assets/css/xlwcty-public-rest.css
Invalid HTTP_HOST header: 'learnwithsiorik.siorik.com'. You may need to add 'learnwithsiorik.siorik.com' to ALLOWED_HOSTS.
Traceback (most recent call last):
  File "/home/siorikco/virtualenv/LEARNSIORIK/3.11/lib/python3.11/site-packages/django/core/handlers/exception.py", line 55, in inner
    response = get_response(request)
               ^^^^^^^^^^^^^^^^^^^^^
  File "/home/siorikco/virtualenv/LEARNSIORIK/3.11/lib/python3.11/site-packages/django/utils/deprecation.py", line 133, in __call__
    response = self.process_request(request)
               ^^^^^^^^^^^^^^^^^^^^^^^^^^^^^
  File "/home/siorikco/virtualenv/LEARNSIORIK/3.11/lib/python3.11/site-packages/django/middleware/common.py", line 48, in process_request
    host = request.get_host()
           ^^^^^^^^^^^^^^^^^^
  File "/home/siorikco/virtualenv/LEARNSIORIK/3.11/lib/python3.11/site-packages/django/http/request.py", line 150, in get_host
    raise DisallowedHost(msg)
django.core.exceptions.DisallowedHost: Invalid HTTP_HOST header: 'learnwithsiorik.siorik.com'. You may need to add 'learnwithsiorik.siorik.com' to ALLOWED_HOSTS.
Bad Request: /wp-content/plugins/woo-thank-you-page-nextmove-lite/assets/css/xlwcty-public-rest.css
Not Found: /robots.txt
Not Found: /api.mapbox.com/mapbox-gl-js/v0.53.0/mapbox-gl.css
Not Found: /accounts/
Not Found: /robots.txt
Not Found: /static/assets/libs/%40fancyapps/fancybox/dist/jquery.fancybox.min.css
Not Found: /static/assets/libs/%40fancyapps/fancybox/dist/jquery.fancybox.min.js
Not Found: /api.mapbox.com/mapbox-gl-js/v0.53.0/mapbox-gl.css
Not Found: /accounts/...html
Not Found: /api.mapbox.com/mapbox-gl-js/v0.53.0/mapbox-gl.js
Not Found: /accounts/favicon.png
Not Found: /robots.txt
Not Found: /wp-admin/network/index.php
Not Found: /wp-admin/network/index.php
Not Found: /api.mapbox.com/mapbox-gl-js/v0.53.0/mapbox-gl.css
Not Found: /static/assets/libs/%40fancyapps/fancybox/dist/jquery.fancybox.min.css
Not Found: /static/assets/libs/%40fancyapps/fancybox/dist/jquery.fancybox.min.js
Not Found: /api.mapbox.com/mapbox-gl-js/v0.53.0/mapbox-gl.js
Not Found: /api.mapbox.com/mapbox-gl-js/v0.53.0/mapbox-gl.css
Not Found: /static/assets/libs/%40fancyapps/fancybox/dist/jquery.fancybox.min.css
Not Found: /static/assets/libs/%40fancyapps/fancybox/dist/jquery.fancybox.min.js
Not Found: /api.mapbox.com/mapbox-gl-js/v0.53.0/mapbox-gl.js
Not Found: /wp-content/uploads/2021/11/pexels-ketut-subiyanto-4474047-1024x751.jpg
Forbidden (Referer checking failed - no Referer.): /
Not Found: /wp-json
Not Found: /wp-json
Not Found: /wp-content/plugins/moveto/assets/js/common-front.js
Invalid HTTP_HOST header: 'www.learnwithsiorik.com'. You may need to add 'www.learnwithsiorik.com' to ALLOWED_HOSTS.
Traceback (most recent call last):
  File "/home/siorikco/virtualenv/LEARNSIORIK/3.11/lib/python3.11/site-packages/django/core/handlers/exception.py", line 55, in inner
    response = get_response(request)
               ^^^^^^^^^^^^^^^^^^^^^
  File "/home/siorikco/virtualenv/LEARNSIORIK/3.11/lib/python3.11/site-packages/django/utils/deprecation.py", line 133, in __call__
    response = self.process_request(request)
               ^^^^^^^^^^^^^^^^^^^^^^^^^^^^^
  File "/home/siorikco/virtualenv/LEARNSIORIK/3.11/lib/python3.11/site-packages/django/middleware/common.py", line 48, in process_request
    host = request.get_host()
           ^^^^^^^^^^^^^^^^^^
  File "/home/siorikco/virtualenv/LEARNSIORIK/3.11/lib/python3.11/site-packages/django/http/request.py", line 150, in get_host
    raise DisallowedHost(msg)
django.core.exceptions.DisallowedHost: Invalid HTTP_HOST header: 'www.learnwithsiorik.com'. You may need to add 'www.learnwithsiorik.com' to ALLOWED_HOSTS.
Bad Request: /robots.txt
Invalid HTTP_HOST header: 'www.learnwithsiorik.com'. You may need to add 'www.learnwithsiorik.com' to ALLOWED_HOSTS.
Traceback (most recent call last):
  File "/home/siorikco/virtualenv/LEARNSIORIK/3.11/lib/python3.11/site-packages/django/core/handlers/exception.py", line 55, in inner
    response = get_response(request)
               ^^^^^^^^^^^^^^^^^^^^^
  File "/home/siorikco/virtualenv/LEARNSIORIK/3.11/lib/python3.11/site-packages/django/utils/deprecation.py", line 133, in __call__
    response = self.process_request(request)
               ^^^^^^^^^^^^^^^^^^^^^^^^^^^^^
  File "/home/siorikco/virtualenv/LEARNSIORIK/3.11/lib/python3.11/site-packages/django/middleware/common.py", line 48, in process_request
    host = request.get_host()
           ^^^^^^^^^^^^^^^^^^
  File "/home/siorikco/virtualenv/LEARNSIORIK/3.11/lib/python3.11/site-packages/django/http/request.py", line 150, in get_host
    raise DisallowedHost(msg)
django.core.exceptions.DisallowedHost: Invalid HTTP_HOST header: 'www.learnwithsiorik.com'. You may need to add 'www.learnwithsiorik.com' to ALLOWED_HOSTS.
Bad Request: /
Invalid HTTP_HOST header: 'www.learnwithsiorik.com'. You may need to add 'www.learnwithsiorik.com' to ALLOWED_HOSTS.
Traceback (most recent call last):
  File "/home/siorikco/virtualenv/LEARNSIORIK/3.11/lib/python3.11/site-packages/django/core/handlers/exception.py", line 55, in inner
    response = get_response(request)
               ^^^^^^^^^^^^^^^^^^^^^
  File "/home/siorikco/virtualenv/LEARNSIORIK/3.11/lib/python3.11/site-packages/django/utils/deprecation.py", line 133, in __call__
    response = self.process_request(request)
               ^^^^^^^^^^^^^^^^^^^^^^^^^^^^^
  File "/home/siorikco/virtualenv/LEARNSIORIK/3.11/lib/python3.11/site-packages/django/middleware/common.py", line 48, in process_request
    host = request.get_host()
           ^^^^^^^^^^^^^^^^^^
  File "/home/siorikco/virtualenv/LEARNSIORIK/3.11/lib/python3.11/site-packages/django/http/request.py", line 150, in get_host
    raise DisallowedHost(msg)
django.core.exceptions.DisallowedHost: Invalid HTTP_HOST header: 'www.learnwithsiorik.com'. You may need to add 'www.learnwithsiorik.com' to ALLOWED_HOSTS.
Bad Request: /sitemap.xml
Not Found: /robots.txt
Not Found: /api.mapbox.com/mapbox-gl-js/v0.53.0/mapbox-gl.css
Not Found: /static/assets/libs/%40fancyapps/fancybox/dist/jquery.fancybox.min.css
Not Found: /robots.txt
Not Found: /wp-content/uploads/2021/11/cropped-icon-1.png
Not Found: /robots.txt
Not Found: /robots.txt
Not Found: /inputs.php
Not Found: /wp-content/themes/bricks/style.css
Not Found: /static/assets/libs/%40fancyapps/fancybox/dist/jquery.fancybox.min.css
Not Found: /api.mapbox.com/mapbox-gl-js/v0.53.0/mapbox-gl.css
Not Found: /static/assets/libs/%40fancyapps/fancybox/dist/jquery.fancybox.min.js
Not Found: /api.mapbox.com/mapbox-gl-js/v0.53.0/mapbox-gl.js
Not Found: /robots.txt
Not Found: /wp-content/uploads/2021/11/cropped-icon-1.png
Not Found: /robots.txt
Not Found: /wp-content/uploads/2021/11/cropped-icon-1.png
Not Found: /course-single-v1.html
Not Found: /api.mapbox.com/mapbox-gl-js/v0.53.0/mapbox-gl.css
Not Found: /static/assets/libs/%40fancyapps/fancybox/dist/jquery.fancybox.min.css
Not Found: /static/assets/libs/%40fancyapps/fancybox/dist/jquery.fancybox.min.js
Not Found: /api.mapbox.com/mapbox-gl-js/v0.53.0/mapbox-gl.js
Not Found: /favicon.png
Not Found: /favicon.ico
Not Found: /static/assets/libs/%40fancyapps/fancybox/dist/jquery.fancybox.min.css
Not Found: /api.mapbox.com/mapbox-gl-js/v0.53.0/mapbox-gl.css
Not Found: /static/assets/libs/%40fancyapps/fancybox/dist/jquery.fancybox.min.js
Not Found: /api.mapbox.com/mapbox-gl-js/v0.53.0/mapbox-gl.js
Not Found: /static/assets/libs/%40fancyapps/fancybox/dist/jquery.fancybox.min.css
Not Found: /api.mapbox.com/mapbox-gl-js/v0.53.0/mapbox-gl.css
Not Found: /static/assets/libs/%40fancyapps/fancybox/dist/jquery.fancybox.min.js
Not Found: /api.mapbox.com/mapbox-gl-js/v0.53.0/mapbox-gl.js
Not Found: /favicon.png
Not Found: /favicon.ico
Not Found: /wp-content/uploads/2021/11/pexels-ketut-subiyanto-4474047-1024x751.jpg
Invalid HTTP_HOST header: 'mail.learnwithsiorik.com'. You may need to add 'mail.learnwithsiorik.com' to ALLOWED_HOSTS.
Traceback (most recent call last):
  File "/home/siorikco/virtualenv/LEARNSIORIK/3.11/lib/python3.11/site-packages/django/core/handlers/exception.py", line 55, in inner
    response = get_response(request)
               ^^^^^^^^^^^^^^^^^^^^^
  File "/home/siorikco/virtualenv/LEARNSIORIK/3.11/lib/python3.11/site-packages/django/utils/deprecation.py", line 133, in __call__
    response = self.process_request(request)
               ^^^^^^^^^^^^^^^^^^^^^^^^^^^^^
  File "/home/siorikco/virtualenv/LEARNSIORIK/3.11/lib/python3.11/site-packages/django/middleware/common.py", line 48, in process_request
    host = request.get_host()
           ^^^^^^^^^^^^^^^^^^
  File "/home/siorikco/virtualenv/LEARNSIORIK/3.11/lib/python3.11/site-packages/django/http/request.py", line 150, in get_host
    raise DisallowedHost(msg)
django.core.exceptions.DisallowedHost: Invalid HTTP_HOST header: 'mail.learnwithsiorik.com'. You may need to add 'mail.learnwithsiorik.com' to ALLOWED_HOSTS.
Bad Request: /
Invalid HTTP_HOST header: 'mail.learnwithsiorik.com'. You may need to add 'mail.learnwithsiorik.com' to ALLOWED_HOSTS.
Traceback (most recent call last):
  File "/home/siorikco/virtualenv/LEARNSIORIK/3.11/lib/python3.11/site-packages/django/core/handlers/exception.py", line 55, in inner
    response = get_response(request)
               ^^^^^^^^^^^^^^^^^^^^^
  File "/home/siorikco/virtualenv/LEARNSIORIK/3.11/lib/python3.11/site-packages/django/utils/deprecation.py", line 133, in __call__
    response = self.process_request(request)
               ^^^^^^^^^^^^^^^^^^^^^^^^^^^^^
  File "/home/siorikco/virtualenv/LEARNSIORIK/3.11/lib/python3.11/site-packages/django/middleware/common.py", line 48, in process_request
    host = request.get_host()
           ^^^^^^^^^^^^^^^^^^
  File "/home/siorikco/virtualenv/LEARNSIORIK/3.11/lib/python3.11/site-packages/django/http/request.py", line 150, in get_host
    raise DisallowedHost(msg)
django.core.exceptions.DisallowedHost: Invalid HTTP_HOST header: 'mail.learnwithsiorik.com'. You may need to add 'mail.learnwithsiorik.com' to ALLOWED_HOSTS.
Bad Request: /
Not Found: /static/assets/libs/%40fancyapps/fancybox/dist/jquery.fancybox.min.css
Not Found: /api.mapbox.com/mapbox-gl-js/v0.53.0/mapbox-gl.css
Not Found: /static/assets/libs/%40fancyapps/fancybox/dist/jquery.fancybox.min.js
Not Found: /api.mapbox.com/mapbox-gl-js/v0.53.0/mapbox-gl.js
Not Found: /favicon.png
Not Found: /wp-content/uploads/2021/06/CAMS-TRAINING-POSTER-small-1.jpg
Invalid HTTP_HOST header: 'www.learnwithsiorik.com'. You may need to add 'www.learnwithsiorik.com' to ALLOWED_HOSTS.
Traceback (most recent call last):
  File "/home/siorikco/virtualenv/LEARNSIORIK/3.11/lib/python3.11/site-packages/django/core/handlers/exception.py", line 55, in inner
    response = get_response(request)
               ^^^^^^^^^^^^^^^^^^^^^
  File "/home/siorikco/virtualenv/LEARNSIORIK/3.11/lib/python3.11/site-packages/django/utils/deprecation.py", line 133, in __call__
    response = self.process_request(request)
               ^^^^^^^^^^^^^^^^^^^^^^^^^^^^^
  File "/home/siorikco/virtualenv/LEARNSIORIK/3.11/lib/python3.11/site-packages/django/middleware/common.py", line 48, in process_request
    host = request.get_host()
           ^^^^^^^^^^^^^^^^^^
  File "/home/siorikco/virtualenv/LEARNSIORIK/3.11/lib/python3.11/site-packages/django/http/request.py", line 150, in get_host
    raise DisallowedHost(msg)
django.core.exceptions.DisallowedHost: Invalid HTTP_HOST header: 'www.learnwithsiorik.com'. You may need to add 'www.learnwithsiorik.com' to ALLOWED_HOSTS.
Bad Request: /
Not Found: /static/assets/libs/%40fancyapps/fancybox/dist/jquery.fancybox.min.css
Not Found: /api.mapbox.com/mapbox-gl-js/v0.53.0/mapbox-gl.css
Not Found: /static/assets/libs/%40fancyapps/fancybox/dist/jquery.fancybox.min.js
Not Found: /api.mapbox.com/mapbox-gl-js/v0.53.0/mapbox-gl.js
Not Found: /favicon.png
Not Found: /api.mapbox.com/mapbox-gl-js/v0.53.0/mapbox-gl.css
Not Found: /static/assets/libs/%40fancyapps/fancybox/dist/jquery.fancybox.min.css
Not Found: /static/assets/libs/%40fancyapps/fancybox/dist/jquery.fancybox.min.js
Not Found: /api.mapbox.com/mapbox-gl-js/v0.53.0/mapbox-gl.js
Not Found: /course/favicon.png
Not Found: /static/assets/libs/%40fancyapps/fancybox/dist/jquery.fancybox.min.css
Not Found: /api.mapbox.com/mapbox-gl-js/v0.53.0/mapbox-gl.css
Not Found: /static/assets/libs/%40fancyapps/fancybox/dist/jquery.fancybox.min.js
Not Found: /api.mapbox.com/mapbox-gl-js/v0.53.0/mapbox-gl.js
Not Found: /favicon.ico
[UID:4364][3899260] Reached max children process limit: 6, extra: 2, current: 8, busy: 7, please increase LSAPI_CHILDREN.
[UID:4364][3899260] Reached max children process limit: 6, extra: 2, current: 8, busy: 8, please increase LSAPI_CHILDREN.
[UID:4364][3899260] Reached max children process limit: 6, extra: 2, current: 8, busy: 8, please increase LSAPI_CHILDREN.
[UID:4364][3899260] Reached max children process limit: 6, extra: 2, current: 8, busy: 8, please increase LSAPI_CHILDREN.
Not Found: /static/assets/libs/%40fancyapps/fancybox/dist/jquery.fancybox.min.css
Not Found: /api.mapbox.com/mapbox-gl-js/v0.53.0/mapbox-gl.css
[UID:4364][3899260] Reached max children process limit: 6, extra: 2, current: 8, busy: 8, please increase LSAPI_CHILDREN.
[UID:4364][3899260] Reached max children process limit: 6, extra: 2, current: 8, busy: 8, please increase LSAPI_CHILDREN.
[UID:4364][3899260] Reached max children process limit: 6, extra: 2, current: 8, busy: 8, please increase LSAPI_CHILDREN.
[UID:4364][3899260] Reached max children process limit: 6, extra: 2, current: 8, busy: 8, please increase LSAPI_CHILDREN.
[UID:4364][3899260] Reached max children process limit: 6, extra: 2, current: 8, busy: 8, please increase LSAPI_CHILDREN.
[UID:4364][3899260] Reached max children process limit: 6, extra: 2, current: 8, busy: 8, please increase LSAPI_CHILDREN.
[UID:4364][3899260] Reached max children process limit: 6, extra: 2, current: 8, busy: 8, please increase LSAPI_CHILDREN.
[UID:4364][3899260] Reached max children process limit: 6, extra: 2, current: 8, busy: 8, please increase LSAPI_CHILDREN.
[UID:4364][3899260] Reached max children process limit: 6, extra: 2, current: 8, busy: 8, please increase LSAPI_CHILDREN.
[UID:4364][3899260] Reached max children process limit: 6, extra: 2, current: 8, busy: 8, please increase LSAPI_CHILDREN.
[UID:4364][3899260] Reached max children process limit: 6, extra: 2, current: 8, busy: 8, please increase LSAPI_CHILDREN.
[UID:4364][3899260] Reached max children process limit: 6, extra: 2, current: 8, busy: 8, please increase LSAPI_CHILDREN.
Not Found: /static/assets/libs/%40fancyapps/fancybox/dist/jquery.fancybox.min.js
Not Found: /api.mapbox.com/mapbox-gl-js/v0.53.0/mapbox-gl.js
Not Found: /static/assets/libs/%40fancyapps/fancybox/dist/jquery.fancybox.min.css
Not Found: /api.mapbox.com/mapbox-gl-js/v0.53.0/mapbox-gl.css
Not Found: /api.mapbox.com/mapbox-gl-js/v0.53.0/mapbox-gl.js
Not Found: /static/assets/libs/%40fancyapps/fancybox/dist/jquery.fancybox.min.js
Not Found: /static/assets/libs/%40fancyapps/fancybox/dist/jquery.fancybox.min.css
Not Found: /api.mapbox.com/mapbox-gl-js/v0.53.0/mapbox-gl.css
Not Found: /static/assets/libs/%40fancyapps/fancybox/dist/jquery.fancybox.min.js
Not Found: /api.mapbox.com/mapbox-gl-js/v0.53.0/mapbox-gl.js
Not Found: /api.mapbox.com/mapbox-gl-js/v0.53.0/mapbox-gl.css
Not Found: /static/assets/libs/%40fancyapps/fancybox/dist/jquery.fancybox.min.css
Not Found: /static/assets/libs/%40fancyapps/fancybox/dist/jquery.fancybox.min.js
Not Found: /api.mapbox.com/mapbox-gl-js/v0.53.0/mapbox-gl.js
Not Found: /static/assets/libs/%40fancyapps/fancybox/dist/jquery.fancybox.min.css
Not Found: /api.mapbox.com/mapbox-gl-js/v0.53.0/mapbox-gl.css
Not Found: /static/assets/libs/%40fancyapps/fancybox/dist/jquery.fancybox.min.js
Not Found: /api.mapbox.com/mapbox-gl-js/v0.53.0/mapbox-gl.js
Not Found: /course/watch-course/favicon.png
Not Found: /static/assets/CAMS_Resources/js/main.js
Not Found: /static/comment/images/4.jpg
Not Found: /static/assets/CAMS_Resources/js/jquery-2.1.3.min.js
Not Found: /static/assets/CAMS_Resources/js/jquery.dataTables.js
Not Found: /static/assets/CAMS_Resources/js/jquery.dataTables.js
Not Found: /static/assets/CAMS_Resources/js/main.js
Not Found: /static/assets/CAMS_Resources/js/jquery-2.1.3.min.js
Not Found: /static/comment/images/4.jpg
Not Found: /static/assets/CAMS_Resources/js/jquery.dataTables.js
Not Found: /static/assets/CAMS_Resources/js/main.js
Not Found: /static/assets/CAMS_Resources/js/jquery-2.1.3.min.js
Not Found: /static/comment/images/4.jpg
[UID:4364][3899260] Reached max children process limit: 6, extra: 2, current: 8, busy: 7, please increase LSAPI_CHILDREN.
Not Found: /api.mapbox.com/mapbox-gl-js/v0.53.0/mapbox-gl.css
[UID:4364][3899260] Reached max children process limit: 6, extra: 2, current: 8, busy: 8, please increase LSAPI_CHILDREN.
[UID:4364][3899260] Reached max children process limit: 6, extra: 2, current: 8, busy: 8, please increase LSAPI_CHILDREN.
[UID:4364][3899260] Reached max children process limit: 6, extra: 2, current: 8, busy: 8, please increase LSAPI_CHILDREN.
[UID:4364][3899260] Reached max children process limit: 6, extra: 2, current: 8, busy: 8, please increase LSAPI_CHILDREN.
[UID:4364][3899260] Reached max children process limit: 6, extra: 2, current: 8, busy: 8, please increase LSAPI_CHILDREN.
[UID:4364][3899260] Reached max children process limit: 6, extra: 2, current: 8, busy: 8, please increase LSAPI_CHILDREN.
[UID:4364][3899260] Reached max children process limit: 6, extra: 2, current: 8, busy: 8, please increase LSAPI_CHILDREN.
[UID:4364][3899260] Reached max children process limit: 6, extra: 2, current: 8, busy: 8, please increase LSAPI_CHILDREN.
[UID:4364][3899260] Reached max children process limit: 6, extra: 2, current: 8, busy: 8, please increase LSAPI_CHILDREN.
[UID:4364][3899260] Reached max children process limit: 6, extra: 2, current: 8, busy: 8, please increase LSAPI_CHILDREN.
[UID:4364][3899260] Reached max children process limit: 6, extra: 2, current: 8, busy: 8, please increase LSAPI_CHILDREN.
[UID:4364][3899260] Reached max children process limit: 6, extra: 2, current: 8, busy: 8, please increase LSAPI_CHILDREN.
[UID:4364][3899260] Reached max children process limit: 6, extra: 2, current: 8, busy: 8, please increase LSAPI_CHILDREN.
[UID:4364][3899260] Reached max children process limit: 6, extra: 2, current: 8, busy: 8, please increase LSAPI_CHILDREN.
[UID:4364][3899260] Reached max children process limit: 6, extra: 2, current: 8, busy: 8, please increase LSAPI_CHILDREN.
[UID:4364][3899260] Reached max children process limit: 6, extra: 2, current: 8, busy: 8, please increase LSAPI_CHILDREN.
[UID:4364][3899260] Reached max children process limit: 6, extra: 2, current: 8, busy: 8, please increase LSAPI_CHILDREN.
[UID:4364][3899260] Reached max children process limit: 6, extra: 2, current: 8, busy: 8, please increase LSAPI_CHILDREN.
[UID:4364][3899260] Reached max children process limit: 6, extra: 2, current: 8, busy: 8, please increase LSAPI_CHILDREN.
[UID:4364][3899260] Reached max children process limit: 6, extra: 2, current: 8, busy: 8, please increase LSAPI_CHILDREN.
[UID:4364][3899260] Reached max children process limit: 6, extra: 2, current: 8, busy: 8, please increase LSAPI_CHILDREN.
[UID:4364][3899260] Reached max children process limit: 6, extra: 2, current: 8, busy: 8, please increase LSAPI_CHILDREN.
[UID:4364][3899260] Reached max children process limit: 6, extra: 2, current: 8, busy: 8, please increase LSAPI_CHILDREN.
[UID:4364][3899260] Reached max children process limit: 6, extra: 2, current: 8, busy: 8, please increase LSAPI_CHILDREN.
[UID:4364][3899260] Reached max children process limit: 6, extra: 2, current: 8, busy: 8, please increase LSAPI_CHILDREN.
[UID:4364][3899260] Reached max children process limit: 6, extra: 2, current: 8, busy: 8, please increase LSAPI_CHILDREN.
[UID:4364][3899260] Reached max children process limit: 6, extra: 2, current: 8, busy: 8, please increase LSAPI_CHILDREN.
[UID:4364][3899260] Reached max children process limit: 6, extra: 2, current: 8, busy: 8, please increase LSAPI_CHILDREN.
[UID:4364][3899260] Reached max children process limit: 6, extra: 2, current: 8, busy: 8, please increase LSAPI_CHILDREN.
[UID:4364][3899260] Reached max children process limit: 6, extra: 2, current: 8, busy: 8, please increase LSAPI_CHILDREN.
[UID:4364][3899260] Reached max children process limit: 6, extra: 2, current: 8, busy: 8, please increase LSAPI_CHILDREN.
[UID:4364][3899260] Reached max children process limit: 6, extra: 2, current: 8, busy: 8, please increase LSAPI_CHILDREN.
[UID:4364][3899260] Reached max children process limit: 6, extra: 2, current: 8, busy: 8, please increase LSAPI_CHILDREN.
[UID:4364][3899260] Reached max children process limit: 6, extra: 2, current: 8, busy: 8, please increase LSAPI_CHILDREN.
[UID:4364][3899260] Reached max children process limit: 6, extra: 2, current: 8, busy: 8, please increase LSAPI_CHILDREN.
[UID:4364][3899260] Reached max children process limit: 6, extra: 2, current: 8, busy: 8, please increase LSAPI_CHILDREN.
Not Found: /static/assets/libs/%40fancyapps/fancybox/dist/jquery.fancybox.min.css
Not Found: /static/assets/libs/%40fancyapps/fancybox/dist/jquery.fancybox.min.js
[UID:4364][3899260] Child process with pid: 3978048 was killed by signal: 15, core dumped: no
Not Found: /static/assets/CAMS_Resources/js/main.js
Not Found: /static/assets/CAMS_Resources/js/jquery-2.1.3.min.js
Not Found: /static/assets/CAMS_Resources/js/jquery.dataTables.js
Not Found: /static/comment/images/4.jpg
Not Found: /robots.txt
Invalid HTTP_HOST header: 'www.learnwithsiorik.siorik.com'. You may need to add 'www.learnwithsiorik.siorik.com' to ALLOWED_HOSTS.
Traceback (most recent call last):
  File "/home/siorikco/virtualenv/LEARNSIORIK/3.11/lib/python3.11/site-packages/django/core/handlers/exception.py", line 55, in inner
    response = get_response(request)
               ^^^^^^^^^^^^^^^^^^^^^
  File "/home/siorikco/virtualenv/LEARNSIORIK/3.11/lib/python3.11/site-packages/django/utils/deprecation.py", line 133, in __call__
    response = self.process_request(request)
               ^^^^^^^^^^^^^^^^^^^^^^^^^^^^^
  File "/home/siorikco/virtualenv/LEARNSIORIK/3.11/lib/python3.11/site-packages/django/middleware/common.py", line 48, in process_request
    host = request.get_host()
           ^^^^^^^^^^^^^^^^^^
  File "/home/siorikco/virtualenv/LEARNSIORIK/3.11/lib/python3.11/site-packages/django/http/request.py", line 150, in get_host
    raise DisallowedHost(msg)
django.core.exceptions.DisallowedHost: Invalid HTTP_HOST header: 'www.learnwithsiorik.siorik.com'. You may need to add 'www.learnwithsiorik.siorik.com' to ALLOWED_HOSTS.
Bad Request: /robots.txt
Not Found: /phpmailer.lang-sv.php
Not Found: /robots.txt
Not Found: /robots.txt
Not Found: /api.mapbox.com/mapbox-gl-js/v0.53.0/mapbox-gl.css
Not Found: /robots.txt
Not Found: /robots.txt
Not Found: /static/assets/libs/%40fancyapps/fancybox/dist/jquery.fancybox.min.css
Not Found: /api.mapbox.com/mapbox-gl-js/v0.53.0/mapbox-gl.css
Not Found: /static/assets/libs/%40fancyapps/fancybox/dist/jquery.fancybox.min.js
Not Found: /api.mapbox.com/mapbox-gl-js/v0.53.0/mapbox-gl.js
Not Found: /robots.txt
Not Found: /feed/
Not Found: /api.mapbox.com/mapbox-gl-js/v0.53.0/mapbox-gl.css
Not Found: /api.mapbox.com/mapbox-gl-js/v0.53.0/mapbox-gl.js
Not Found: /static/assets/libs/%40fancyapps/fancybox/dist/jquery.fancybox.min.css
Not Found: /...html
Not Found: /static/assets/libs/%40fancyapps/fancybox/dist/jquery.fancybox.min.js
Internal Server Error: /my-course
Traceback (most recent call last):
  File "/home/siorikco/virtualenv/LEARNSIORIK/3.11/lib/python3.11/site-packages/django/db/models/fields/__init__.py", line 2053, in get_prep_value
    return int(value)
           ^^^^^^^^^^
TypeError: int() argument must be a string, a bytes-like object or a real number, not 'SimpleLazyObject'

The above exception was the direct cause of the following exception:

Traceback (most recent call last):
  File "/home/siorikco/virtualenv/LEARNSIORIK/3.11/lib/python3.11/site-packages/django/core/handlers/exception.py", line 55, in inner
    response = get_response(request)
               ^^^^^^^^^^^^^^^^^^^^^
  File "/home/siorikco/virtualenv/LEARNSIORIK/3.11/lib/python3.11/site-packages/django/core/handlers/base.py", line 197, in _get_response
    response = wrapped_callback(request, *callback_args, **callback_kwargs)
               ^^^^^^^^^^^^^^^^^^^^^^^^^^^^^^^^^^^^^^^^^^^^^^^^^^^^^^^^^^^^
  File "/home/siorikco/LEARNSIORIK/SiorikLearn/views.py", line 261, in MY_COURSE
    course = UserCourse.objects.filter(user = request.user)
             ^^^^^^^^^^^^^^^^^^^^^^^^^^^^^^^^^^^^^^^^^^^^^^
  File "/home/siorikco/virtualenv/LEARNSIORIK/3.11/lib/python3.11/site-packages/django/db/models/manager.py", line 87, in manager_method
    return getattr(self.get_queryset(), name)(*args, **kwargs)
           ^^^^^^^^^^^^^^^^^^^^^^^^^^^^^^^^^^^^^^^^^^^^^^^^^^^
  File "/home/siorikco/virtualenv/LEARNSIORIK/3.11/lib/python3.11/site-packages/django/db/models/query.py", line 1436, in filter
    return self._filter_or_exclude(False, args, kwargs)
           ^^^^^^^^^^^^^^^^^^^^^^^^^^^^^^^^^^^^^^^^^^^^
  File "/home/siorikco/virtualenv/LEARNSIORIK/3.11/lib/python3.11/site-packages/django/db/models/query.py", line 1454, in _filter_or_exclude
    clone._filter_or_exclude_inplace(negate, args, kwargs)
  File "/home/siorikco/virtualenv/LEARNSIORIK/3.11/lib/python3.11/site-packages/django/db/models/query.py", line 1461, in _filter_or_exclude_inplace
    self._query.add_q(Q(*args, **kwargs))
  File "/home/siorikco/virtualenv/LEARNSIORIK/3.11/lib/python3.11/site-packages/django/db/models/sql/query.py", line 1545, in add_q
    clause, _ = self._add_q(q_object, self.used_aliases)
                ^^^^^^^^^^^^^^^^^^^^^^^^^^^^^^^^^^^^^^^^
  File "/home/siorikco/virtualenv/LEARNSIORIK/3.11/lib/python3.11/site-packages/django/db/models/sql/query.py", line 1576, in _add_q
    child_clause, needed_inner = self.build_filter(
                                 ^^^^^^^^^^^^^^^^^^
  File "/home/siorikco/virtualenv/LEARNSIORIK/3.11/lib/python3.11/site-packages/django/db/models/sql/query.py", line 1491, in build_filter
    condition = self.build_lookup(lookups, col, value)
                ^^^^^^^^^^^^^^^^^^^^^^^^^^^^^^^^^^^^^^
  File "/home/siorikco/virtualenv/LEARNSIORIK/3.11/lib/python3.11/site-packages/django/db/models/sql/query.py", line 1318, in build_lookup
    lookup = lookup_class(lhs, rhs)
             ^^^^^^^^^^^^^^^^^^^^^^
  File "/home/siorikco/virtualenv/LEARNSIORIK/3.11/lib/python3.11/site-packages/django/db/models/lookups.py", line 27, in __init__
    self.rhs = self.get_prep_lookup()
               ^^^^^^^^^^^^^^^^^^^^^^
  File "/home/siorikco/virtualenv/LEARNSIORIK/3.11/lib/python3.11/site-packages/django/db/models/fields/related_lookups.py", line 166, in get_prep_lookup
    self.rhs = target_field.get_prep_value(self.rhs)
               ^^^^^^^^^^^^^^^^^^^^^^^^^^^^^^^^^^^^^
  File "/home/siorikco/virtualenv/LEARNSIORIK/3.11/lib/python3.11/site-packages/django/db/models/fields/__init__.py", line 2055, in get_prep_value
    raise e.__class__(
TypeError: Field 'id' expected a number but got <SimpleLazyObject: <django.contrib.auth.models.AnonymousUser object at 0x7fc9add4eb50>>.
Not Found: /wp-login.php
Not Found: /dup-installer/main.installer.php
Not Found: /static/assets/libs/%40fancyapps/fancybox/dist/jquery.fancybox.min.js
Not Found: /static/assets/libs/%40fancyapps/fancybox/dist/jquery.fancybox.min.css
Not Found: /api.mapbox.com/mapbox-gl-js/v0.53.0/mapbox-gl.css
Not Found: /static/assets/libs/%40fancyapps/fancybox/dist/jquery.fancybox.min.js
Not Found: /api.mapbox.com/mapbox-gl-js/v0.53.0/mapbox-gl.js
Not Found: /robots.txt
Not Found: /accounts/login/...html
Not Found: /api.mapbox.com/mapbox-gl-js/v0.53.0/mapbox-gl.css
Not Found: /static/assets/libs/%40fancyapps/fancybox/dist/jquery.fancybox.min.css
Not Found: /product-tag/cams-preparation-class/
Not Found: /product-category/online-class/
Not Found: /static/assets/libs/%40fancyapps/fancybox/dist/jquery.fancybox.min.css
Not Found: /api.mapbox.com/mapbox-gl-js/v0.53.0/mapbox-gl.css
Not Found: /api.mapbox.com/mapbox-gl-js/v0.53.0/mapbox-gl.js
Not Found: /static/assets/libs/%40fancyapps/fancybox/dist/jquery.fancybox.min.js
Not Found: /static/assets/libs/%40fancyapps/fancybox/dist/jquery.fancybox.min.js
Not Found: /api.mapbox.com/mapbox-gl-js/v0.53.0/mapbox-gl.js
Not Found: /robots.txt
Not Found: /courses/cams-certification-preparation-course/
Not Found: /install.php
Not Found: /robots.txt
Not Found: /start-learning/
